2020-06-30 14:41:59 - eWAY Payment error: Unknown Payment Currency Code<br />

2020-07-02 2:12:32 - eWAY Payment error: Unknown Payment Currency Code<br />

2020-07-05 14:18:50 - PHP Notice:  Undefined variable: text_welcome in D:\wamp\www\devranch\catalog\view\theme\default\template\common\header.tpl on line 74
2020-07-05 14:19:55 - PHP Notice:  Undefined variable: text_welcome in D:\wamp\www\devranch\catalog\view\theme\default\template\common\header.tpl on line 74
2020-07-05 14:20:05 - PHP Notice:  Undefined variable: text_welcome in D:\wamp\www\devranch\catalog\view\theme\default\template\common\header.tpl on line 74
2020-07-05 14:24:53 - PHP Notice:  Indirect modification of overloaded property ControllerCommonHeader::$data has no effect in D:\wamp\www\devranch\catalog\controller\common\header.php on line 72
2020-07-05 14:25:15 - PHP Notice:  Indirect modification of overloaded property ControllerCommonHeader::$data has no effect in D:\wamp\www\devranch\catalog\controller\common\header.php on line 72
2020-07-05 14:27:59 - PHP Notice:  Indirect modification of overloaded property ControllerCommonHeader::$data has no effect in D:\wamp\www\devranch\catalog\controller\common\header.php on line 72
2020-07-05 14:28:12 - PHP Notice:  Indirect modification of overloaded property ControllerCommonHeader::$data has no effect in D:\wamp\www\devranch\catalog\controller\common\header.php on line 72
2020-07-05 14:55:25 - PHP Notice:  Undefined variable: text_total_items in D:\wamp\www\devranch\catalog\view\theme\default\template\common\cart.tpl on line 63
2020-07-05 14:57:33 - PHP Warning:  Missing argument 2 for Cart\Currency::format(), called in D:\wamp\www\devranch\catalog\controller\common\cart.php on line 54 and defined in D:\wamp\www\devranch\system\library\cart\currency.php on line 24
2020-07-05 14:57:33 - PHP Notice:  Undefined variable: currency in D:\wamp\www\devranch\system\library\cart\currency.php on line 25
2020-07-05 14:57:33 - PHP Notice:  Undefined index:  in D:\wamp\www\devranch\system\library\cart\currency.php on line 25
2020-07-05 14:57:33 - PHP Notice:  Undefined variable: currency in D:\wamp\www\devranch\system\library\cart\currency.php on line 26
2020-07-05 14:57:33 - PHP Notice:  Undefined index:  in D:\wamp\www\devranch\system\library\cart\currency.php on line 26
2020-07-05 14:57:33 - PHP Notice:  Undefined variable: currency in D:\wamp\www\devranch\system\library\cart\currency.php on line 27
2020-07-05 14:57:33 - PHP Notice:  Undefined index:  in D:\wamp\www\devranch\system\library\cart\currency.php on line 27
2020-07-05 14:57:33 - PHP Notice:  Undefined variable: currency in D:\wamp\www\devranch\system\library\cart\currency.php on line 30
2020-07-05 14:57:33 - PHP Notice:  Undefined index:  in D:\wamp\www\devranch\system\library\cart\currency.php on line 30
2020-07-05 14:57:33 - PHP Notice:  Indirect modification of overloaded property ControllerCommonCart::$data has no effect in D:\wamp\www\devranch\catalog\controller\common\cart.php on line 54
2020-07-05 14:57:33 - PHP Warning:  Missing argument 2 for Cart\Currency::format(), called in D:\wamp\www\devranch\catalog\controller\common\cart.php on line 55 and defined in D:\wamp\www\devranch\system\library\cart\currency.php on line 24
2020-07-05 14:57:33 - PHP Notice:  Undefined variable: currency in D:\wamp\www\devranch\system\library\cart\currency.php on line 25
2020-07-05 14:57:33 - PHP Notice:  Undefined index:  in D:\wamp\www\devranch\system\library\cart\currency.php on line 25
2020-07-05 14:57:33 - PHP Notice:  Undefined variable: currency in D:\wamp\www\devranch\system\library\cart\currency.php on line 26
2020-07-05 14:57:33 - PHP Notice:  Undefined index:  in D:\wamp\www\devranch\system\library\cart\currency.php on line 26
2020-07-05 14:57:33 - PHP Notice:  Undefined variable: currency in D:\wamp\www\devranch\system\library\cart\currency.php on line 27
2020-07-05 14:57:33 - PHP Notice:  Undefined index:  in D:\wamp\www\devranch\system\library\cart\currency.php on line 27
2020-07-05 14:57:33 - PHP Notice:  Undefined variable: currency in D:\wamp\www\devranch\system\library\cart\currency.php on line 30
2020-07-05 14:57:33 - PHP Notice:  Undefined index:  in D:\wamp\www\devranch\system\library\cart\currency.php on line 30
2020-07-05 14:57:33 - PHP Notice:  Indirect modification of overloaded property ControllerCommonCart::$data has no effect in D:\wamp\www\devranch\catalog\controller\common\cart.php on line 55
2020-07-05 14:57:33 - PHP Notice:  Undefined variable: text_items in D:\wamp\www\devranch\catalog\view\theme\default\template\common\cart.tpl on line 2
2020-07-05 14:57:33 - PHP Notice:  Undefined variable: text_total_items in D:\wamp\www\devranch\catalog\view\theme\default\template\common\cart.tpl on line 63
2020-07-05 14:57:33 - PHP Notice:  Undefined variable: text_items in D:\wamp\www\devranch\catalog\view\theme\default\template\common\cart.tpl on line 64
2020-07-05 15:15:49 - PHP Warning:  Missing argument 2 for Cart\Currency::format(), called in D:\wamp\www\devranch\catalog\controller\checkout\cart.php on line 396 and defined in D:\wamp\www\devranch\system\library\cart\currency.php on line 24
2020-07-05 15:15:49 - PHP Notice:  Undefined variable: currency in D:\wamp\www\devranch\system\library\cart\currency.php on line 25
2020-07-05 15:15:49 - PHP Notice:  Undefined index:  in D:\wamp\www\devranch\system\library\cart\currency.php on line 25
2020-07-05 15:15:49 - PHP Notice:  Undefined variable: currency in D:\wamp\www\devranch\system\library\cart\currency.php on line 26
2020-07-05 15:15:49 - PHP Notice:  Undefined index:  in D:\wamp\www\devranch\system\library\cart\currency.php on line 26
2020-07-05 15:15:49 - PHP Notice:  Undefined variable: currency in D:\wamp\www\devranch\system\library\cart\currency.php on line 27
2020-07-05 15:15:49 - PHP Notice:  Undefined index:  in D:\wamp\www\devranch\system\library\cart\currency.php on line 27
2020-07-05 15:15:49 - PHP Notice:  Undefined variable: currency in D:\wamp\www\devranch\system\library\cart\currency.php on line 30
2020-07-05 15:15:49 - PHP Notice:  Undefined index:  in D:\wamp\www\devranch\system\library\cart\currency.php on line 30
2020-07-05 15:16:20 - PHP Warning:  Missing argument 2 for Cart\Currency::format(), called in D:\wamp\www\devranch\catalog\controller\checkout\cart.php on line 396 and defined in D:\wamp\www\devranch\system\library\cart\currency.php on line 24
2020-07-05 15:16:20 - PHP Notice:  Undefined variable: currency in D:\wamp\www\devranch\system\library\cart\currency.php on line 25
2020-07-05 15:16:20 - PHP Notice:  Undefined index:  in D:\wamp\www\devranch\system\library\cart\currency.php on line 25
2020-07-05 15:16:20 - PHP Notice:  Undefined variable: currency in D:\wamp\www\devranch\system\library\cart\currency.php on line 26
2020-07-05 15:16:20 - PHP Notice:  Undefined index:  in D:\wamp\www\devranch\system\library\cart\currency.php on line 26
2020-07-05 15:16:20 - PHP Notice:  Undefined variable: currency in D:\wamp\www\devranch\system\library\cart\currency.php on line 27
2020-07-05 15:16:20 - PHP Notice:  Undefined index:  in D:\wamp\www\devranch\system\library\cart\currency.php on line 27
2020-07-05 15:16:20 - PHP Notice:  Undefined variable: currency in D:\wamp\www\devranch\system\library\cart\currency.php on line 30
2020-07-05 15:16:20 - PHP Notice:  Undefined index:  in D:\wamp\www\devranch\system\library\cart\currency.php on line 30
2020-07-05 15:18:43 - PHP Warning:  Missing argument 2 for Cart\Currency::format(), called in D:\wamp\www\devranch\catalog\controller\checkout\cart.php on line 396 and defined in D:\wamp\www\devranch\system\library\cart\currency.php on line 24
2020-07-05 15:18:43 - PHP Notice:  Undefined variable: currency in D:\wamp\www\devranch\system\library\cart\currency.php on line 25
2020-07-05 15:18:43 - PHP Notice:  Undefined index:  in D:\wamp\www\devranch\system\library\cart\currency.php on line 25
2020-07-05 15:18:43 - PHP Notice:  Undefined variable: currency in D:\wamp\www\devranch\system\library\cart\currency.php on line 26
2020-07-05 15:18:43 - PHP Notice:  Undefined index:  in D:\wamp\www\devranch\system\library\cart\currency.php on line 26
2020-07-05 15:18:43 - PHP Notice:  Undefined variable: currency in D:\wamp\www\devranch\system\library\cart\currency.php on line 27
2020-07-05 15:18:43 - PHP Notice:  Undefined index:  in D:\wamp\www\devranch\system\library\cart\currency.php on line 27
2020-07-05 15:18:43 - PHP Notice:  Undefined variable: currency in D:\wamp\www\devranch\system\library\cart\currency.php on line 30
2020-07-05 15:18:43 - PHP Notice:  Undefined index:  in D:\wamp\www\devranch\system\library\cart\currency.php on line 30
2020-07-05 15:20:22 - PHP Warning:  Missing argument 2 for Cart\Currency::format(), called in D:\wamp\www\devranch\catalog\controller\checkout\cart.php on line 396 and defined in D:\wamp\www\devranch\system\library\cart\currency.php on line 24
2020-07-05 15:20:22 - PHP Notice:  Undefined variable: currency in D:\wamp\www\devranch\system\library\cart\currency.php on line 25
2020-07-05 15:20:22 - PHP Notice:  Undefined index:  in D:\wamp\www\devranch\system\library\cart\currency.php on line 25
2020-07-05 15:20:22 - PHP Notice:  Undefined variable: currency in D:\wamp\www\devranch\system\library\cart\currency.php on line 26
2020-07-05 15:20:22 - PHP Notice:  Undefined index:  in D:\wamp\www\devranch\system\library\cart\currency.php on line 26
2020-07-05 15:20:22 - PHP Notice:  Undefined variable: currency in D:\wamp\www\devranch\system\library\cart\currency.php on line 27
2020-07-05 15:20:22 - PHP Notice:  Undefined index:  in D:\wamp\www\devranch\system\library\cart\currency.php on line 27
2020-07-05 15:20:22 - PHP Notice:  Undefined variable: currency in D:\wamp\www\devranch\system\library\cart\currency.php on line 30
2020-07-05 15:20:22 - PHP Notice:  Undefined index:  in D:\wamp\www\devranch\system\library\cart\currency.php on line 30
2020-07-05 15:24:17 - PHP Notice:  Undefined property: Cart\Currency::$code in D:\wamp\www\devranch\system\library\cart\currency.php on line 31
2020-07-05 15:24:17 - PHP Notice:  Undefined index:  in D:\wamp\www\devranch\system\library\cart\currency.php on line 31
2020-07-05 15:24:17 - PHP Notice:  Undefined property: Cart\Currency::$code in D:\wamp\www\devranch\system\library\cart\currency.php on line 32
2020-07-05 15:24:17 - PHP Notice:  Undefined index:  in D:\wamp\www\devranch\system\library\cart\currency.php on line 32
2020-07-05 15:24:17 - PHP Notice:  Undefined property: Cart\Currency::$code in D:\wamp\www\devranch\system\library\cart\currency.php on line 33
2020-07-05 15:24:17 - PHP Notice:  Undefined index:  in D:\wamp\www\devranch\system\library\cart\currency.php on line 33
2020-07-05 15:24:17 - PHP Notice:  Undefined property: Cart\Currency::$code in D:\wamp\www\devranch\system\library\cart\currency.php on line 35
2020-07-05 15:24:17 - PHP Notice:  Undefined index:  in D:\wamp\www\devranch\system\library\cart\currency.php on line 42
2020-07-05 15:26:15 - PHP Warning:  Missing argument 2 for Cart\Currency::format(), called in D:\wamp\www\devranch\catalog\controller\checkout\cart.php on line 396 and defined in D:\wamp\www\devranch\system\library\cart\currency.php on line 24
2020-07-05 15:26:15 - PHP Notice:  Undefined variable: currency in D:\wamp\www\devranch\system\library\cart\currency.php on line 25
2020-07-05 15:26:15 - PHP Notice:  Undefined index:  in D:\wamp\www\devranch\system\library\cart\currency.php on line 25
2020-07-05 15:26:15 - PHP Notice:  Undefined variable: currency in D:\wamp\www\devranch\system\library\cart\currency.php on line 26
2020-07-05 15:26:15 - PHP Notice:  Undefined index:  in D:\wamp\www\devranch\system\library\cart\currency.php on line 26
2020-07-05 15:26:15 - PHP Notice:  Undefined variable: currency in D:\wamp\www\devranch\system\library\cart\currency.php on line 27
2020-07-05 15:26:15 - PHP Notice:  Undefined index:  in D:\wamp\www\devranch\system\library\cart\currency.php on line 27
2020-07-05 15:26:15 - PHP Notice:  Undefined variable: currency in D:\wamp\www\devranch\system\library\cart\currency.php on line 30
2020-07-05 15:26:15 - PHP Notice:  Undefined index:  in D:\wamp\www\devranch\system\library\cart\currency.php on line 30
2020-07-05 15:26:33 - PHP Warning:  Missing argument 2 for Cart\Currency::format(), called in D:\wamp\www\devranch\catalog\controller\checkout\cart.php on line 396 and defined in D:\wamp\www\devranch\system\library\cart\currency.php on line 24
2020-07-05 15:26:33 - PHP Notice:  Undefined variable: currency in D:\wamp\www\devranch\system\library\cart\currency.php on line 25
2020-07-05 15:26:33 - PHP Notice:  Undefined index:  in D:\wamp\www\devranch\system\library\cart\currency.php on line 25
2020-07-05 15:26:33 - PHP Notice:  Undefined variable: currency in D:\wamp\www\devranch\system\library\cart\currency.php on line 26
2020-07-05 15:26:33 - PHP Notice:  Undefined index:  in D:\wamp\www\devranch\system\library\cart\currency.php on line 26
2020-07-05 15:26:33 - PHP Notice:  Undefined variable: currency in D:\wamp\www\devranch\system\library\cart\currency.php on line 27
2020-07-05 15:26:33 - PHP Notice:  Undefined index:  in D:\wamp\www\devranch\system\library\cart\currency.php on line 27
2020-07-05 15:26:33 - PHP Notice:  Undefined variable: currency in D:\wamp\www\devranch\system\library\cart\currency.php on line 30
2020-07-05 15:26:33 - PHP Notice:  Undefined index:  in D:\wamp\www\devranch\system\library\cart\currency.php on line 30
2020-07-05 15:27:11 - PHP Warning:  Missing argument 2 for Cart\Currency::format(), called in D:\wamp\www\devranch\catalog\controller\checkout\cart.php on line 396 and defined in D:\wamp\www\devranch\system\library\cart\currency.php on line 24
2020-07-05 15:27:11 - PHP Notice:  Undefined variable: currency in D:\wamp\www\devranch\system\library\cart\currency.php on line 25
2020-07-05 15:27:11 - PHP Notice:  Undefined property: Cart\Currency::$code in D:\wamp\www\devranch\system\library\cart\currency.php on line 30
2020-07-05 15:27:11 - PHP Notice:  Undefined index:  in D:\wamp\www\devranch\system\library\cart\currency.php on line 30
2020-07-05 15:27:11 - PHP Notice:  Undefined property: Cart\Currency::$code in D:\wamp\www\devranch\system\library\cart\currency.php on line 31
2020-07-05 15:27:11 - PHP Notice:  Undefined index:  in D:\wamp\www\devranch\system\library\cart\currency.php on line 31
2020-07-05 15:27:11 - PHP Notice:  Undefined property: Cart\Currency::$code in D:\wamp\www\devranch\system\library\cart\currency.php on line 32
2020-07-05 15:27:11 - PHP Notice:  Undefined index:  in D:\wamp\www\devranch\system\library\cart\currency.php on line 32
2020-07-05 15:27:11 - PHP Notice:  Undefined property: Cart\Currency::$code in D:\wamp\www\devranch\system\library\cart\currency.php on line 34
2020-07-05 15:27:11 - PHP Notice:  Undefined index:  in D:\wamp\www\devranch\system\library\cart\currency.php on line 38
2020-07-05 15:27:44 - PHP Warning:  Missing argument 2 for Cart\Currency::format(), called in D:\wamp\www\devranch\catalog\controller\checkout\cart.php on line 396 and defined in D:\wamp\www\devranch\system\library\cart\currency.php on line 24
2020-07-05 15:27:44 - PHP Notice:  Undefined variable: currency in D:\wamp\www\devranch\system\library\cart\currency.php on line 25
2020-07-05 15:27:44 - PHP Notice:  Undefined property: Cart\Currency::$code in D:\wamp\www\devranch\system\library\cart\currency.php on line 30
2020-07-05 15:27:44 - PHP Notice:  Undefined index:  in D:\wamp\www\devranch\system\library\cart\currency.php on line 30
2020-07-05 15:27:44 - PHP Notice:  Undefined property: Cart\Currency::$code in D:\wamp\www\devranch\system\library\cart\currency.php on line 31
2020-07-05 15:27:44 - PHP Notice:  Undefined index:  in D:\wamp\www\devranch\system\library\cart\currency.php on line 31
2020-07-05 15:27:44 - PHP Notice:  Undefined property: Cart\Currency::$code in D:\wamp\www\devranch\system\library\cart\currency.php on line 32
2020-07-05 15:27:44 - PHP Notice:  Undefined index:  in D:\wamp\www\devranch\system\library\cart\currency.php on line 32
2020-07-05 15:27:44 - PHP Notice:  Undefined property: Cart\Currency::$code in D:\wamp\www\devranch\system\library\cart\currency.php on line 34
2020-07-05 15:27:44 - PHP Notice:  Undefined index:  in D:\wamp\www\devranch\system\library\cart\currency.php on line 38
2020-07-05 15:28:04 - PHP Warning:  Missing argument 2 for Cart\Currency::format(), called in D:\wamp\www\devranch\catalog\controller\checkout\cart.php on line 396 and defined in D:\wamp\www\devranch\system\library\cart\currency.php on line 24
2020-07-05 15:28:04 - PHP Notice:  Undefined variable: currency in D:\wamp\www\devranch\system\library\cart\currency.php on line 25
2020-07-05 15:28:04 - PHP Notice:  Undefined index:  in D:\wamp\www\devranch\system\library\cart\currency.php on line 25
2020-07-05 15:28:04 - PHP Notice:  Undefined variable: currency in D:\wamp\www\devranch\system\library\cart\currency.php on line 26
2020-07-05 15:28:04 - PHP Notice:  Undefined index:  in D:\wamp\www\devranch\system\library\cart\currency.php on line 26
2020-07-05 15:28:04 - PHP Notice:  Undefined variable: currency in D:\wamp\www\devranch\system\library\cart\currency.php on line 27
2020-07-05 15:28:04 - PHP Notice:  Undefined index:  in D:\wamp\www\devranch\system\library\cart\currency.php on line 27
2020-07-05 15:28:04 - PHP Notice:  Undefined variable: currency in D:\wamp\www\devranch\system\library\cart\currency.php on line 30
2020-07-05 15:28:04 - PHP Notice:  Undefined index:  in D:\wamp\www\devranch\system\library\cart\currency.php on line 30
2020-07-07 14:25:36 - PHP Notice:  getimagesize(): Read error! in D:\wamp\www\devranch\catalog\model\tool\image.php on line 14
2020-07-07 14:25:43 - PHP Notice:  getimagesize(): Read error! in D:\wamp\www\devranch\catalog\model\tool\image.php on line 14
2020-07-07 14:44:49 - PHP Notice:  getimagesize(): Read error! in D:\wamp\www\devranch\catalog\model\tool\image.php on line 14
2020-07-07 14:44:57 - PHP Notice:  getimagesize(): Read error! in D:\wamp\www\devranch\catalog\model\tool\image.php on line 14
2020-07-07 14:45:00 - PHP Notice:  getimagesize(): Read error! in D:\wamp\www\devranch\catalog\model\tool\image.php on line 14
2020-07-16 15:33:34 - PHP Notice:  Array to string conversion in D:\wamp\www\devranch\catalog\controller\common\header.php on line 130
2020-07-16 15:33:34 - PHP Notice:  Array to string conversion in D:\wamp\www\devranch\catalog\controller\common\header.php on line 130
2020-07-16 15:33:46 - PHP Notice:  Use of undefined constant children - assumed 'children' in D:\wamp\www\devranch\catalog\controller\common\header.php on line 130
2020-07-16 15:33:46 - PHP Notice:  Array to string conversion in D:\wamp\www\devranch\catalog\controller\common\header.php on line 130
2020-07-16 15:33:55 - PHP Notice:  Undefined index: children in D:\wamp\www\devranch\catalog\controller\common\header.php on line 130
2020-07-16 15:34:46 - PHP Warning:  Illegal string offset 'children' in D:\wamp\www\devranch\catalog\view\theme\default\template\common\header.tpl on line 94
2020-07-16 15:34:46 - PHP Warning:  Illegal string offset 'href' in D:\wamp\www\devranch\catalog\view\theme\default\template\common\header.tpl on line 95
2020-07-16 15:34:46 - PHP Warning:  Illegal string offset 'name' in D:\wamp\www\devranch\catalog\view\theme\default\template\common\header.tpl on line 95
2020-07-16 15:34:46 - PHP Warning:  Illegal string offset 'children' in D:\wamp\www\devranch\catalog\view\theme\default\template\common\header.tpl on line 98
2020-07-16 15:34:46 - PHP Warning:  Illegal string offset 'children' in D:\wamp\www\devranch\catalog\view\theme\default\template\common\header.tpl on line 98
2020-07-16 15:34:46 - PHP Warning:  Illegal string offset 'column' in D:\wamp\www\devranch\catalog\view\theme\default\template\common\header.tpl on line 98
2020-07-16 15:34:46 - PHP Warning:  Division by zero in D:\wamp\www\devranch\catalog\view\theme\default\template\common\header.tpl on line 98
2020-07-16 15:34:46 - PHP Warning:  array_chunk() expects parameter 1 to be array, string given in D:\wamp\www\devranch\catalog\view\theme\default\template\common\header.tpl on line 98
2020-07-16 15:34:46 - PHP Warning:  Invalid argument supplied for foreach() in D:\wamp\www\devranch\catalog\view\theme\default\template\common\header.tpl on line 98
2020-07-16 15:34:46 - PHP Warning:  Illegal string offset 'href' in D:\wamp\www\devranch\catalog\view\theme\default\template\common\header.tpl on line 106
2020-07-16 15:34:46 - PHP Warning:  Illegal string offset 'name' in D:\wamp\www\devranch\catalog\view\theme\default\template\common\header.tpl on line 106
2020-07-16 15:34:46 - PHP Notice:  Undefined index: children in D:\wamp\www\devranch\catalog\view\theme\default\template\common\header.tpl on line 94
2020-07-16 15:34:46 - PHP Notice:  Undefined index: href in D:\wamp\www\devranch\catalog\view\theme\default\template\common\header.tpl on line 109
2020-07-16 15:34:46 - PHP Notice:  Undefined index: name in D:\wamp\www\devranch\catalog\view\theme\default\template\common\header.tpl on line 109
2020-07-16 15:34:46 - PHP Warning:  Illegal string offset 'children' in D:\wamp\www\devranch\catalog\view\theme\default\template\common\header.tpl on line 94
2020-07-16 15:34:46 - PHP Warning:  Illegal string offset 'href' in D:\wamp\www\devranch\catalog\view\theme\default\template\common\header.tpl on line 95
2020-07-16 15:34:46 - PHP Warning:  Illegal string offset 'name' in D:\wamp\www\devranch\catalog\view\theme\default\template\common\header.tpl on line 95
2020-07-16 15:34:46 - PHP Warning:  Illegal string offset 'children' in D:\wamp\www\devranch\catalog\view\theme\default\template\common\header.tpl on line 98
2020-07-16 15:34:46 - PHP Warning:  Illegal string offset 'children' in D:\wamp\www\devranch\catalog\view\theme\default\template\common\header.tpl on line 98
2020-07-16 15:34:46 - PHP Warning:  Illegal string offset 'column' in D:\wamp\www\devranch\catalog\view\theme\default\template\common\header.tpl on line 98
2020-07-16 15:34:46 - PHP Warning:  array_chunk() expects parameter 1 to be array, string given in D:\wamp\www\devranch\catalog\view\theme\default\template\common\header.tpl on line 98
2020-07-16 15:34:46 - PHP Warning:  Invalid argument supplied for foreach() in D:\wamp\www\devranch\catalog\view\theme\default\template\common\header.tpl on line 98
2020-07-16 15:34:46 - PHP Warning:  Illegal string offset 'href' in D:\wamp\www\devranch\catalog\view\theme\default\template\common\header.tpl on line 106
2020-07-16 15:34:46 - PHP Warning:  Illegal string offset 'name' in D:\wamp\www\devranch\catalog\view\theme\default\template\common\header.tpl on line 106
2020-07-16 15:34:46 - PHP Warning:  Illegal string offset 'children' in D:\wamp\www\devranch\catalog\view\theme\default\template\common\header.tpl on line 94
2020-07-16 15:34:46 - PHP Warning:  Illegal string offset 'href' in D:\wamp\www\devranch\catalog\view\theme\default\template\common\header.tpl on line 95
2020-07-16 15:34:46 - PHP Warning:  Illegal string offset 'name' in D:\wamp\www\devranch\catalog\view\theme\default\template\common\header.tpl on line 95
2020-07-16 15:34:46 - PHP Warning:  Illegal string offset 'children' in D:\wamp\www\devranch\catalog\view\theme\default\template\common\header.tpl on line 98
2020-07-16 15:34:46 - PHP Warning:  Illegal string offset 'children' in D:\wamp\www\devranch\catalog\view\theme\default\template\common\header.tpl on line 98
2020-07-16 15:34:46 - PHP Warning:  Illegal string offset 'column' in D:\wamp\www\devranch\catalog\view\theme\default\template\common\header.tpl on line 98
2020-07-16 15:34:46 - PHP Warning:  Division by zero in D:\wamp\www\devranch\catalog\view\theme\default\template\common\header.tpl on line 98
2020-07-16 15:34:46 - PHP Warning:  array_chunk() expects parameter 1 to be array, string given in D:\wamp\www\devranch\catalog\view\theme\default\template\common\header.tpl on line 98
2020-07-16 15:34:46 - PHP Warning:  Invalid argument supplied for foreach() in D:\wamp\www\devranch\catalog\view\theme\default\template\common\header.tpl on line 98
2020-07-16 15:34:46 - PHP Warning:  Illegal string offset 'href' in D:\wamp\www\devranch\catalog\view\theme\default\template\common\header.tpl on line 106
2020-07-16 15:34:46 - PHP Warning:  Illegal string offset 'name' in D:\wamp\www\devranch\catalog\view\theme\default\template\common\header.tpl on line 106
2020-07-16 15:35:12 - PHP Notice:  Undefined variable: category in D:\wamp\www\devranch\catalog\view\theme\default\template\common\header.tpl on line 95
2020-07-16 15:35:12 - PHP Notice:  Undefined variable: category in D:\wamp\www\devranch\catalog\view\theme\default\template\common\header.tpl on line 95
2020-07-16 15:35:12 - PHP Notice:  Undefined variable: category in D:\wamp\www\devranch\catalog\view\theme\default\template\common\header.tpl on line 98
2020-07-16 15:35:12 - PHP Notice:  Undefined variable: category in D:\wamp\www\devranch\catalog\view\theme\default\template\common\header.tpl on line 98
2020-07-16 15:35:12 - PHP Notice:  Undefined variable: category in D:\wamp\www\devranch\catalog\view\theme\default\template\common\header.tpl on line 98
2020-07-16 15:35:12 - PHP Warning:  Division by zero in D:\wamp\www\devranch\catalog\view\theme\default\template\common\header.tpl on line 98
2020-07-16 15:35:12 - PHP Warning:  array_chunk() expects parameter 1 to be array, null given in D:\wamp\www\devranch\catalog\view\theme\default\template\common\header.tpl on line 98
2020-07-16 15:35:12 - PHP Warning:  Invalid argument supplied for foreach() in D:\wamp\www\devranch\catalog\view\theme\default\template\common\header.tpl on line 98
2020-07-16 15:35:12 - PHP Notice:  Undefined variable: category in D:\wamp\www\devranch\catalog\view\theme\default\template\common\header.tpl on line 106
2020-07-16 15:35:12 - PHP Notice:  Undefined variable: category in D:\wamp\www\devranch\catalog\view\theme\default\template\common\header.tpl on line 106
2020-07-16 15:35:31 - PHP Notice:  Undefined variable: category in D:\wamp\www\devranch\catalog\view\theme\default\template\common\header.tpl on line 95
2020-07-16 15:35:31 - PHP Notice:  Undefined variable: category in D:\wamp\www\devranch\catalog\view\theme\default\template\common\header.tpl on line 98
2020-07-16 15:35:31 - PHP Notice:  Undefined variable: category in D:\wamp\www\devranch\catalog\view\theme\default\template\common\header.tpl on line 98
2020-07-16 15:35:31 - PHP Notice:  Undefined variable: category in D:\wamp\www\devranch\catalog\view\theme\default\template\common\header.tpl on line 98
2020-07-16 15:35:31 - PHP Warning:  Division by zero in D:\wamp\www\devranch\catalog\view\theme\default\template\common\header.tpl on line 98
2020-07-16 15:35:31 - PHP Warning:  array_chunk() expects parameter 1 to be array, null given in D:\wamp\www\devranch\catalog\view\theme\default\template\common\header.tpl on line 98
2020-07-16 15:35:31 - PHP Warning:  Invalid argument supplied for foreach() in D:\wamp\www\devranch\catalog\view\theme\default\template\common\header.tpl on line 98
2020-07-16 15:35:31 - PHP Notice:  Undefined variable: category in D:\wamp\www\devranch\catalog\view\theme\default\template\common\header.tpl on line 106
2020-07-16 15:35:31 - PHP Notice:  Undefined variable: category in D:\wamp\www\devranch\catalog\view\theme\default\template\common\header.tpl on line 106
2020-07-16 15:35:50 - PHP Notice:  Undefined index: children in D:\wamp\www\devranch\catalog\view\theme\default\template\common\header.tpl on line 94
2020-07-16 15:35:50 - PHP Warning:  Illegal string offset 'href' in D:\wamp\www\devranch\catalog\view\theme\default\template\common\header.tpl on line 109
2020-07-16 15:35:50 - PHP Warning:  Illegal string offset 'name' in D:\wamp\www\devranch\catalog\view\theme\default\template\common\header.tpl on line 109
2020-07-16 15:35:50 - PHP Notice:  Undefined index: children in D:\wamp\www\devranch\catalog\view\theme\default\template\common\header.tpl on line 94
2020-07-16 15:35:50 - PHP Notice:  Undefined index: href in D:\wamp\www\devranch\catalog\view\theme\default\template\common\header.tpl on line 109
2020-07-16 15:35:50 - PHP Notice:  Undefined index: name in D:\wamp\www\devranch\catalog\view\theme\default\template\common\header.tpl on line 109
2020-07-16 15:35:50 - PHP Notice:  Undefined index: children in D:\wamp\www\devranch\catalog\view\theme\default\template\common\header.tpl on line 94
2020-07-16 15:35:50 - PHP Warning:  Illegal string offset 'href' in D:\wamp\www\devranch\catalog\view\theme\default\template\common\header.tpl on line 109
2020-07-16 15:35:50 - PHP Warning:  Illegal string offset 'name' in D:\wamp\www\devranch\catalog\view\theme\default\template\common\header.tpl on line 109
2020-07-16 15:35:50 - PHP Notice:  Undefined index: children in D:\wamp\www\devranch\catalog\view\theme\default\template\common\header.tpl on line 94
2020-07-16 15:35:50 - PHP Warning:  Illegal string offset 'href' in D:\wamp\www\devranch\catalog\view\theme\default\template\common\header.tpl on line 109
2020-07-16 15:35:50 - PHP Warning:  Illegal string offset 'name' in D:\wamp\www\devranch\catalog\view\theme\default\template\common\header.tpl on line 109
2020-07-16 15:35:50 - PHP Notice:  Undefined index: children in D:\wamp\www\devranch\catalog\view\theme\default\template\common\header.tpl on line 94
2020-07-16 15:35:50 - PHP Warning:  Illegal string offset 'href' in D:\wamp\www\devranch\catalog\view\theme\default\template\common\header.tpl on line 109
2020-07-16 15:35:50 - PHP Warning:  Illegal string offset 'name' in D:\wamp\www\devranch\catalog\view\theme\default\template\common\header.tpl on line 109
2020-07-16 15:35:50 - PHP Notice:  Undefined index: children in D:\wamp\www\devranch\catalog\view\theme\default\template\common\header.tpl on line 94
2020-07-16 15:35:50 - PHP Notice:  Undefined index: href in D:\wamp\www\devranch\catalog\view\theme\default\template\common\header.tpl on line 109
2020-07-16 15:35:50 - PHP Notice:  Undefined index: name in D:\wamp\www\devranch\catalog\view\theme\default\template\common\header.tpl on line 109
2020-07-16 15:35:50 - PHP Notice:  Undefined index: children in D:\wamp\www\devranch\catalog\view\theme\default\template\common\header.tpl on line 94
2020-07-16 15:35:50 - PHP Warning:  Illegal string offset 'href' in D:\wamp\www\devranch\catalog\view\theme\default\template\common\header.tpl on line 109
2020-07-16 15:35:50 - PHP Warning:  Illegal string offset 'name' in D:\wamp\www\devranch\catalog\view\theme\default\template\common\header.tpl on line 109
2020-07-16 15:35:50 - PHP Notice:  Undefined index: children in D:\wamp\www\devranch\catalog\view\theme\default\template\common\header.tpl on line 94
2020-07-16 15:35:50 - PHP Warning:  Illegal string offset 'href' in D:\wamp\www\devranch\catalog\view\theme\default\template\common\header.tpl on line 109
2020-07-16 15:35:50 - PHP Warning:  Illegal string offset 'name' in D:\wamp\www\devranch\catalog\view\theme\default\template\common\header.tpl on line 109
2020-07-16 15:36:11 - PHP Notice:  Undefined index: children in D:\wamp\www\devranch\catalog\view\theme\default\template\common\header.tpl on line 94
2020-07-16 15:36:11 - PHP Warning:  Illegal string offset 'href' in D:\wamp\www\devranch\catalog\view\theme\default\template\common\header.tpl on line 109
2020-07-16 15:36:11 - PHP Warning:  Illegal string offset 'name' in D:\wamp\www\devranch\catalog\view\theme\default\template\common\header.tpl on line 109
2020-07-16 15:36:11 - PHP Notice:  Undefined index: children in D:\wamp\www\devranch\catalog\view\theme\default\template\common\header.tpl on line 94
2020-07-16 15:36:11 - PHP Notice:  Undefined index: href in D:\wamp\www\devranch\catalog\view\theme\default\template\common\header.tpl on line 109
2020-07-16 15:36:11 - PHP Notice:  Undefined index: name in D:\wamp\www\devranch\catalog\view\theme\default\template\common\header.tpl on line 109
2020-07-16 15:36:11 - PHP Notice:  Undefined index: children in D:\wamp\www\devranch\catalog\view\theme\default\template\common\header.tpl on line 94
2020-07-16 15:36:11 - PHP Warning:  Illegal string offset 'href' in D:\wamp\www\devranch\catalog\view\theme\default\template\common\header.tpl on line 109
2020-07-16 15:36:11 - PHP Warning:  Illegal string offset 'name' in D:\wamp\www\devranch\catalog\view\theme\default\template\common\header.tpl on line 109
2020-07-16 15:36:11 - PHP Notice:  Undefined index: children in D:\wamp\www\devranch\catalog\view\theme\default\template\common\header.tpl on line 94
2020-07-16 15:36:11 - PHP Warning:  Illegal string offset 'href' in D:\wamp\www\devranch\catalog\view\theme\default\template\common\header.tpl on line 109
2020-07-16 15:36:11 - PHP Warning:  Illegal string offset 'name' in D:\wamp\www\devranch\catalog\view\theme\default\template\common\header.tpl on line 109
2020-07-16 15:36:27 - PHP Notice:  Undefined index: children in D:\wamp\www\devranch\catalog\view\theme\default\template\common\header.tpl on line 94
2020-07-16 15:36:27 - PHP Notice:  Undefined index: children in D:\wamp\www\devranch\catalog\view\theme\default\template\common\header.tpl on line 94
2020-07-16 15:36:27 - PHP Notice:  Undefined index: children in D:\wamp\www\devranch\catalog\view\theme\default\template\common\header.tpl on line 94
2020-07-16 15:36:27 - PHP Notice:  Undefined index: children in D:\wamp\www\devranch\catalog\view\theme\default\template\common\header.tpl on line 94
2020-07-16 15:36:27 - PHP Notice:  Undefined index: children in D:\wamp\www\devranch\catalog\view\theme\default\template\common\header.tpl on line 94
2020-07-16 15:36:27 - PHP Notice:  Undefined index: children in D:\wamp\www\devranch\catalog\view\theme\default\template\common\header.tpl on line 94
2020-07-16 15:36:27 - PHP Notice:  Undefined index: children in D:\wamp\www\devranch\catalog\view\theme\default\template\common\header.tpl on line 94
2020-07-16 15:36:27 - PHP Notice:  Undefined index: children in D:\wamp\www\devranch\catalog\view\theme\default\template\common\header.tpl on line 94
2020-07-16 15:36:27 - PHP Notice:  Undefined index: children in D:\wamp\www\devranch\catalog\view\theme\default\template\common\header.tpl on line 94
2020-07-16 15:36:47 - PHP Notice:  Undefined index: children in D:\wamp\www\devranch\catalog\view\theme\default\template\common\header.tpl on line 94
2020-07-16 15:36:47 - PHP Notice:  Undefined index: children in D:\wamp\www\devranch\catalog\view\theme\default\template\common\header.tpl on line 94
2020-07-16 15:36:47 - PHP Notice:  Undefined index: children in D:\wamp\www\devranch\catalog\view\theme\default\template\common\header.tpl on line 94
2020-07-16 15:36:47 - PHP Notice:  Undefined index: children in D:\wamp\www\devranch\catalog\view\theme\default\template\common\header.tpl on line 94
2020-07-16 15:36:47 - PHP Notice:  Undefined index: children in D:\wamp\www\devranch\catalog\view\theme\default\template\common\header.tpl on line 94
2020-07-16 15:36:47 - PHP Notice:  Undefined index: children in D:\wamp\www\devranch\catalog\view\theme\default\template\common\header.tpl on line 94
2020-07-16 15:36:47 - PHP Notice:  Undefined index: children in D:\wamp\www\devranch\catalog\view\theme\default\template\common\header.tpl on line 94
2020-07-16 15:36:47 - PHP Notice:  Undefined index: children in D:\wamp\www\devranch\catalog\view\theme\default\template\common\header.tpl on line 94
2020-07-16 15:36:47 - PHP Notice:  Undefined index: children in D:\wamp\www\devranch\catalog\view\theme\default\template\common\header.tpl on line 94
2020-07-16 15:37:16 - PHP Notice:  Undefined index: children in D:\wamp\www\devranch\catalog\view\theme\default\template\common\header.tpl on line 94
2020-07-16 15:37:16 - PHP Notice:  Undefined index: children in D:\wamp\www\devranch\catalog\view\theme\default\template\common\header.tpl on line 94
2020-07-16 15:37:16 - PHP Notice:  Undefined index: children in D:\wamp\www\devranch\catalog\view\theme\default\template\common\header.tpl on line 94
2020-07-16 15:37:16 - PHP Notice:  Undefined index: children in D:\wamp\www\devranch\catalog\view\theme\default\template\common\header.tpl on line 94
2020-07-16 15:37:16 - PHP Notice:  Undefined index: children in D:\wamp\www\devranch\catalog\view\theme\default\template\common\header.tpl on line 94
2020-07-16 15:37:16 - PHP Notice:  Undefined index: children in D:\wamp\www\devranch\catalog\view\theme\default\template\common\header.tpl on line 94
2020-07-16 15:37:16 - PHP Notice:  Undefined index: children in D:\wamp\www\devranch\catalog\view\theme\default\template\common\header.tpl on line 94
2020-07-16 15:37:16 - PHP Notice:  Undefined index: children in D:\wamp\www\devranch\catalog\view\theme\default\template\common\header.tpl on line 94
2020-07-16 15:37:16 - PHP Notice:  Undefined index: children in D:\wamp\www\devranch\catalog\view\theme\default\template\common\header.tpl on line 94
2020-07-16 15:40:59 - PHP Notice:  Undefined index: child in D:\wamp\www\devranch\catalog\view\theme\default\template\common\header.tpl on line 94
2020-07-16 15:40:59 - PHP Notice:  Undefined index: child in D:\wamp\www\devranch\catalog\view\theme\default\template\common\header.tpl on line 94
2020-07-16 15:40:59 - PHP Notice:  Undefined index: child in D:\wamp\www\devranch\catalog\view\theme\default\template\common\header.tpl on line 94
2020-07-16 15:40:59 - PHP Notice:  Undefined index: child in D:\wamp\www\devranch\catalog\view\theme\default\template\common\header.tpl on line 94
2020-07-16 15:40:59 - PHP Notice:  Undefined index: child in D:\wamp\www\devranch\catalog\view\theme\default\template\common\header.tpl on line 94
2020-07-16 15:40:59 - PHP Notice:  Undefined index: child in D:\wamp\www\devranch\catalog\view\theme\default\template\common\header.tpl on line 94
2020-07-16 15:40:59 - PHP Notice:  Undefined index: child in D:\wamp\www\devranch\catalog\view\theme\default\template\common\header.tpl on line 94
2020-07-16 15:40:59 - PHP Notice:  Undefined index: child in D:\wamp\www\devranch\catalog\view\theme\default\template\common\header.tpl on line 94
2020-07-16 15:40:59 - PHP Notice:  Undefined index: child in D:\wamp\www\devranch\catalog\view\theme\default\template\common\header.tpl on line 94
2020-07-16 15:41:11 - PHP Notice:  Undefined index: child in D:\wamp\www\devranch\catalog\view\theme\default\template\common\header.tpl on line 94
2020-07-16 15:41:11 - PHP Notice:  Undefined index: child in D:\wamp\www\devranch\catalog\view\theme\default\template\common\header.tpl on line 94
2020-07-16 15:41:11 - PHP Notice:  Undefined index: child in D:\wamp\www\devranch\catalog\view\theme\default\template\common\header.tpl on line 94
2020-07-16 15:41:11 - PHP Notice:  Undefined index: child in D:\wamp\www\devranch\catalog\view\theme\default\template\common\header.tpl on line 94
2020-07-16 15:41:11 - PHP Notice:  Undefined index: child in D:\wamp\www\devranch\catalog\view\theme\default\template\common\header.tpl on line 94
2020-07-16 15:41:11 - PHP Notice:  Undefined index: child in D:\wamp\www\devranch\catalog\view\theme\default\template\common\header.tpl on line 94
2020-07-16 15:41:11 - PHP Notice:  Undefined index: child in D:\wamp\www\devranch\catalog\view\theme\default\template\common\header.tpl on line 94
2020-07-16 15:41:11 - PHP Notice:  Undefined index: child in D:\wamp\www\devranch\catalog\view\theme\default\template\common\header.tpl on line 94
2020-07-16 15:41:11 - PHP Notice:  Undefined index: child in D:\wamp\www\devranch\catalog\view\theme\default\template\common\header.tpl on line 94
2020-07-16 15:41:21 - PHP Notice:  Undefined index: child in D:\wamp\www\devranch\catalog\view\theme\default\template\common\header.tpl on line 95
2020-07-16 15:41:21 - PHP Notice:  Undefined index: child in D:\wamp\www\devranch\catalog\view\theme\default\template\common\header.tpl on line 95
2020-07-16 15:41:21 - PHP Notice:  Undefined index: child in D:\wamp\www\devranch\catalog\view\theme\default\template\common\header.tpl on line 95
2020-07-16 15:41:21 - PHP Notice:  Undefined index: child in D:\wamp\www\devranch\catalog\view\theme\default\template\common\header.tpl on line 95
2020-07-16 15:41:21 - PHP Notice:  Undefined index: child in D:\wamp\www\devranch\catalog\view\theme\default\template\common\header.tpl on line 95
2020-07-16 15:41:21 - PHP Notice:  Undefined index: child in D:\wamp\www\devranch\catalog\view\theme\default\template\common\header.tpl on line 95
2020-07-16 15:41:21 - PHP Notice:  Undefined index: child in D:\wamp\www\devranch\catalog\view\theme\default\template\common\header.tpl on line 95
2020-07-16 15:41:21 - PHP Notice:  Undefined index: child in D:\wamp\www\devranch\catalog\view\theme\default\template\common\header.tpl on line 95
2020-07-16 15:41:21 - PHP Notice:  Undefined index: child in D:\wamp\www\devranch\catalog\view\theme\default\template\common\header.tpl on line 95
2020-07-16 15:41:22 - PHP Notice:  Undefined index: child in D:\wamp\www\devranch\catalog\view\theme\default\template\common\header.tpl on line 95
2020-07-16 15:41:22 - PHP Notice:  Undefined index: child in D:\wamp\www\devranch\catalog\view\theme\default\template\common\header.tpl on line 95
2020-07-16 15:41:22 - PHP Notice:  Undefined index: child in D:\wamp\www\devranch\catalog\view\theme\default\template\common\header.tpl on line 95
2020-07-16 15:41:22 - PHP Notice:  Undefined index: child in D:\wamp\www\devranch\catalog\view\theme\default\template\common\header.tpl on line 95
2020-07-16 15:41:22 - PHP Notice:  Undefined index: child in D:\wamp\www\devranch\catalog\view\theme\default\template\common\header.tpl on line 95
2020-07-16 15:41:22 - PHP Notice:  Undefined index: child in D:\wamp\www\devranch\catalog\view\theme\default\template\common\header.tpl on line 95
2020-07-16 15:41:22 - PHP Notice:  Undefined index: child in D:\wamp\www\devranch\catalog\view\theme\default\template\common\header.tpl on line 95
2020-07-16 15:41:22 - PHP Notice:  Undefined index: child in D:\wamp\www\devranch\catalog\view\theme\default\template\common\header.tpl on line 95
2020-07-16 15:41:22 - PHP Notice:  Undefined index: child in D:\wamp\www\devranch\catalog\view\theme\default\template\common\header.tpl on line 95
2020-07-16 15:41:30 - PHP Notice:  Undefined index: child in D:\wamp\www\devranch\catalog\view\theme\default\template\common\header.tpl on line 94
2020-07-16 15:41:30 - PHP Notice:  Undefined index: child in D:\wamp\www\devranch\catalog\view\theme\default\template\common\header.tpl on line 94
2020-07-16 15:41:30 - PHP Notice:  Undefined index: child in D:\wamp\www\devranch\catalog\view\theme\default\template\common\header.tpl on line 94
2020-07-16 15:41:30 - PHP Notice:  Undefined index: child in D:\wamp\www\devranch\catalog\view\theme\default\template\common\header.tpl on line 94
2020-07-16 15:41:30 - PHP Notice:  Undefined index: child in D:\wamp\www\devranch\catalog\view\theme\default\template\common\header.tpl on line 94
2020-07-16 15:41:30 - PHP Notice:  Undefined index: child in D:\wamp\www\devranch\catalog\view\theme\default\template\common\header.tpl on line 94
2020-07-16 15:41:30 - PHP Notice:  Undefined index: child in D:\wamp\www\devranch\catalog\view\theme\default\template\common\header.tpl on line 94
2020-07-16 15:41:30 - PHP Notice:  Undefined index: child in D:\wamp\www\devranch\catalog\view\theme\default\template\common\header.tpl on line 94
2020-07-16 15:41:30 - PHP Notice:  Undefined index: child in D:\wamp\www\devranch\catalog\view\theme\default\template\common\header.tpl on line 94
2020-07-16 15:41:35 - PHP Notice:  Undefined index: children in D:\wamp\www\devranch\catalog\view\theme\default\template\common\header.tpl on line 94
2020-07-16 15:41:35 - PHP Notice:  Undefined index: children in D:\wamp\www\devranch\catalog\view\theme\default\template\common\header.tpl on line 94
2020-07-16 15:41:35 - PHP Notice:  Undefined index: children in D:\wamp\www\devranch\catalog\view\theme\default\template\common\header.tpl on line 94
2020-07-16 15:41:35 - PHP Notice:  Undefined index: children in D:\wamp\www\devranch\catalog\view\theme\default\template\common\header.tpl on line 94
2020-07-16 15:41:35 - PHP Notice:  Undefined index: children in D:\wamp\www\devranch\catalog\view\theme\default\template\common\header.tpl on line 94
2020-07-16 15:41:35 - PHP Notice:  Undefined index: children in D:\wamp\www\devranch\catalog\view\theme\default\template\common\header.tpl on line 94
2020-07-16 15:41:35 - PHP Notice:  Undefined index: children in D:\wamp\www\devranch\catalog\view\theme\default\template\common\header.tpl on line 94
2020-07-16 15:41:35 - PHP Notice:  Undefined index: children in D:\wamp\www\devranch\catalog\view\theme\default\template\common\header.tpl on line 94
2020-07-16 15:41:35 - PHP Notice:  Undefined index: children in D:\wamp\www\devranch\catalog\view\theme\default\template\common\header.tpl on line 94
2020-07-16 15:41:54 - PHP Notice:  Undefined index: children in D:\wamp\www\devranch\catalog\controller\common\header.php on line 130
2020-07-16 15:47:02 - PHP Warning:  Illegal string offset 'children' in D:\wamp\www\devranch\catalog\view\theme\default\template\common\header.tpl on line 96
2020-07-16 15:47:02 - PHP Warning:  Illegal string offset 'href' in D:\wamp\www\devranch\catalog\view\theme\default\template\common\header.tpl on line 97
2020-07-16 15:47:02 - PHP Warning:  Illegal string offset 'name' in D:\wamp\www\devranch\catalog\view\theme\default\template\common\header.tpl on line 97
2020-07-16 15:47:02 - PHP Warning:  Illegal string offset 'children' in D:\wamp\www\devranch\catalog\view\theme\default\template\common\header.tpl on line 100
2020-07-16 15:47:02 - PHP Warning:  Illegal string offset 'children' in D:\wamp\www\devranch\catalog\view\theme\default\template\common\header.tpl on line 100
2020-07-16 15:47:02 - PHP Warning:  Illegal string offset 'column' in D:\wamp\www\devranch\catalog\view\theme\default\template\common\header.tpl on line 100
2020-07-16 15:47:02 - PHP Warning:  Division by zero in D:\wamp\www\devranch\catalog\view\theme\default\template\common\header.tpl on line 100
2020-07-16 15:47:02 - PHP Warning:  array_chunk() expects parameter 1 to be array, string given in D:\wamp\www\devranch\catalog\view\theme\default\template\common\header.tpl on line 100
2020-07-16 15:47:02 - PHP Warning:  Invalid argument supplied for foreach() in D:\wamp\www\devranch\catalog\view\theme\default\template\common\header.tpl on line 100
2020-07-16 15:47:02 - PHP Warning:  Illegal string offset 'href' in D:\wamp\www\devranch\catalog\view\theme\default\template\common\header.tpl on line 108
2020-07-16 15:47:02 - PHP Warning:  Illegal string offset 'name' in D:\wamp\www\devranch\catalog\view\theme\default\template\common\header.tpl on line 108
2020-07-16 15:47:02 - PHP Notice:  Undefined index: children in D:\wamp\www\devranch\catalog\view\theme\default\template\common\header.tpl on line 96
2020-07-16 15:47:02 - PHP Notice:  Undefined index: href in D:\wamp\www\devranch\catalog\view\theme\default\template\common\header.tpl on line 111
2020-07-16 15:47:02 - PHP Notice:  Undefined index: name in D:\wamp\www\devranch\catalog\view\theme\default\template\common\header.tpl on line 111
2020-07-16 15:47:02 - PHP Warning:  Illegal string offset 'children' in D:\wamp\www\devranch\catalog\view\theme\default\template\common\header.tpl on line 96
2020-07-16 15:47:02 - PHP Warning:  Illegal string offset 'href' in D:\wamp\www\devranch\catalog\view\theme\default\template\common\header.tpl on line 97
2020-07-16 15:47:02 - PHP Warning:  Illegal string offset 'name' in D:\wamp\www\devranch\catalog\view\theme\default\template\common\header.tpl on line 97
2020-07-16 15:47:02 - PHP Warning:  Illegal string offset 'children' in D:\wamp\www\devranch\catalog\view\theme\default\template\common\header.tpl on line 100
2020-07-16 15:47:02 - PHP Warning:  Illegal string offset 'children' in D:\wamp\www\devranch\catalog\view\theme\default\template\common\header.tpl on line 100
2020-07-16 15:47:02 - PHP Warning:  Illegal string offset 'column' in D:\wamp\www\devranch\catalog\view\theme\default\template\common\header.tpl on line 100
2020-07-16 15:47:02 - PHP Warning:  array_chunk() expects parameter 1 to be array, string given in D:\wamp\www\devranch\catalog\view\theme\default\template\common\header.tpl on line 100
2020-07-16 15:47:02 - PHP Warning:  Invalid argument supplied for foreach() in D:\wamp\www\devranch\catalog\view\theme\default\template\common\header.tpl on line 100
2020-07-16 15:47:02 - PHP Warning:  Illegal string offset 'href' in D:\wamp\www\devranch\catalog\view\theme\default\template\common\header.tpl on line 108
2020-07-16 15:47:02 - PHP Warning:  Illegal string offset 'name' in D:\wamp\www\devranch\catalog\view\theme\default\template\common\header.tpl on line 108
2020-07-16 15:47:02 - PHP Warning:  Illegal string offset 'children' in D:\wamp\www\devranch\catalog\view\theme\default\template\common\header.tpl on line 96
2020-07-16 15:47:02 - PHP Warning:  Illegal string offset 'href' in D:\wamp\www\devranch\catalog\view\theme\default\template\common\header.tpl on line 97
2020-07-16 15:47:02 - PHP Warning:  Illegal string offset 'name' in D:\wamp\www\devranch\catalog\view\theme\default\template\common\header.tpl on line 97
2020-07-16 15:47:02 - PHP Warning:  Illegal string offset 'children' in D:\wamp\www\devranch\catalog\view\theme\default\template\common\header.tpl on line 100
2020-07-16 15:47:02 - PHP Warning:  Illegal string offset 'children' in D:\wamp\www\devranch\catalog\view\theme\default\template\common\header.tpl on line 100
2020-07-16 15:47:02 - PHP Warning:  Illegal string offset 'column' in D:\wamp\www\devranch\catalog\view\theme\default\template\common\header.tpl on line 100
2020-07-16 15:47:02 - PHP Warning:  Division by zero in D:\wamp\www\devranch\catalog\view\theme\default\template\common\header.tpl on line 100
2020-07-16 15:47:02 - PHP Warning:  array_chunk() expects parameter 1 to be array, string given in D:\wamp\www\devranch\catalog\view\theme\default\template\common\header.tpl on line 100
2020-07-16 15:47:02 - PHP Warning:  Invalid argument supplied for foreach() in D:\wamp\www\devranch\catalog\view\theme\default\template\common\header.tpl on line 100
2020-07-16 15:47:02 - PHP Warning:  Illegal string offset 'href' in D:\wamp\www\devranch\catalog\view\theme\default\template\common\header.tpl on line 108
2020-07-16 15:47:02 - PHP Warning:  Illegal string offset 'name' in D:\wamp\www\devranch\catalog\view\theme\default\template\common\header.tpl on line 108
2020-07-16 15:47:09 - PHP Warning:  Illegal string offset 'children' in D:\wamp\www\devranch\catalog\view\theme\default\template\common\header.tpl on line 96
2020-07-16 15:47:09 - PHP Warning:  Illegal string offset 'href' in D:\wamp\www\devranch\catalog\view\theme\default\template\common\header.tpl on line 97
2020-07-16 15:47:09 - PHP Warning:  Illegal string offset 'name' in D:\wamp\www\devranch\catalog\view\theme\default\template\common\header.tpl on line 97
2020-07-16 15:47:09 - PHP Warning:  Illegal string offset 'children' in D:\wamp\www\devranch\catalog\view\theme\default\template\common\header.tpl on line 100
2020-07-16 15:47:09 - PHP Warning:  Illegal string offset 'children' in D:\wamp\www\devranch\catalog\view\theme\default\template\common\header.tpl on line 100
2020-07-16 15:47:09 - PHP Warning:  Illegal string offset 'column' in D:\wamp\www\devranch\catalog\view\theme\default\template\common\header.tpl on line 100
2020-07-16 15:47:09 - PHP Warning:  Division by zero in D:\wamp\www\devranch\catalog\view\theme\default\template\common\header.tpl on line 100
2020-07-16 15:47:09 - PHP Warning:  array_chunk() expects parameter 1 to be array, string given in D:\wamp\www\devranch\catalog\view\theme\default\template\common\header.tpl on line 100
2020-07-16 15:47:09 - PHP Warning:  Invalid argument supplied for foreach() in D:\wamp\www\devranch\catalog\view\theme\default\template\common\header.tpl on line 100
2020-07-16 15:47:09 - PHP Warning:  Illegal string offset 'href' in D:\wamp\www\devranch\catalog\view\theme\default\template\common\header.tpl on line 108
2020-07-16 15:47:09 - PHP Warning:  Illegal string offset 'name' in D:\wamp\www\devranch\catalog\view\theme\default\template\common\header.tpl on line 108
2020-07-16 15:47:09 - PHP Notice:  Undefined index: children in D:\wamp\www\devranch\catalog\view\theme\default\template\common\header.tpl on line 96
2020-07-16 15:47:09 - PHP Notice:  Undefined index: href in D:\wamp\www\devranch\catalog\view\theme\default\template\common\header.tpl on line 111
2020-07-16 15:47:09 - PHP Notice:  Undefined index: name in D:\wamp\www\devranch\catalog\view\theme\default\template\common\header.tpl on line 111
2020-07-16 15:47:09 - PHP Warning:  Illegal string offset 'children' in D:\wamp\www\devranch\catalog\view\theme\default\template\common\header.tpl on line 96
2020-07-16 15:47:09 - PHP Warning:  Illegal string offset 'href' in D:\wamp\www\devranch\catalog\view\theme\default\template\common\header.tpl on line 97
2020-07-16 15:47:09 - PHP Warning:  Illegal string offset 'name' in D:\wamp\www\devranch\catalog\view\theme\default\template\common\header.tpl on line 97
2020-07-16 15:47:09 - PHP Warning:  Illegal string offset 'children' in D:\wamp\www\devranch\catalog\view\theme\default\template\common\header.tpl on line 100
2020-07-16 15:47:09 - PHP Warning:  Illegal string offset 'children' in D:\wamp\www\devranch\catalog\view\theme\default\template\common\header.tpl on line 100
2020-07-16 15:47:09 - PHP Warning:  Illegal string offset 'column' in D:\wamp\www\devranch\catalog\view\theme\default\template\common\header.tpl on line 100
2020-07-16 15:47:09 - PHP Warning:  array_chunk() expects parameter 1 to be array, string given in D:\wamp\www\devranch\catalog\view\theme\default\template\common\header.tpl on line 100
2020-07-16 15:47:09 - PHP Warning:  Invalid argument supplied for foreach() in D:\wamp\www\devranch\catalog\view\theme\default\template\common\header.tpl on line 100
2020-07-16 15:47:09 - PHP Warning:  Illegal string offset 'href' in D:\wamp\www\devranch\catalog\view\theme\default\template\common\header.tpl on line 108
2020-07-16 15:47:09 - PHP Warning:  Illegal string offset 'name' in D:\wamp\www\devranch\catalog\view\theme\default\template\common\header.tpl on line 108
2020-07-16 15:47:09 - PHP Warning:  Illegal string offset 'children' in D:\wamp\www\devranch\catalog\view\theme\default\template\common\header.tpl on line 96
2020-07-16 15:47:09 - PHP Warning:  Illegal string offset 'href' in D:\wamp\www\devranch\catalog\view\theme\default\template\common\header.tpl on line 97
2020-07-16 15:47:09 - PHP Warning:  Illegal string offset 'name' in D:\wamp\www\devranch\catalog\view\theme\default\template\common\header.tpl on line 97
2020-07-16 15:47:09 - PHP Warning:  Illegal string offset 'children' in D:\wamp\www\devranch\catalog\view\theme\default\template\common\header.tpl on line 100
2020-07-16 15:47:09 - PHP Warning:  Illegal string offset 'children' in D:\wamp\www\devranch\catalog\view\theme\default\template\common\header.tpl on line 100
2020-07-16 15:47:09 - PHP Warning:  Illegal string offset 'column' in D:\wamp\www\devranch\catalog\view\theme\default\template\common\header.tpl on line 100
2020-07-16 15:47:09 - PHP Warning:  Division by zero in D:\wamp\www\devranch\catalog\view\theme\default\template\common\header.tpl on line 100
2020-07-16 15:47:09 - PHP Warning:  array_chunk() expects parameter 1 to be array, string given in D:\wamp\www\devranch\catalog\view\theme\default\template\common\header.tpl on line 100
2020-07-16 15:47:09 - PHP Warning:  Invalid argument supplied for foreach() in D:\wamp\www\devranch\catalog\view\theme\default\template\common\header.tpl on line 100
2020-07-16 15:47:09 - PHP Warning:  Illegal string offset 'href' in D:\wamp\www\devranch\catalog\view\theme\default\template\common\header.tpl on line 108
2020-07-16 15:47:09 - PHP Warning:  Illegal string offset 'name' in D:\wamp\www\devranch\catalog\view\theme\default\template\common\header.tpl on line 108
2020-07-16 15:47:39 - PHP Warning:  Illegal string offset 'href' in D:\wamp\www\devranch\catalog\view\theme\default\template\common\header.tpl on line 97
2020-07-16 15:47:39 - PHP Warning:  Illegal string offset 'name' in D:\wamp\www\devranch\catalog\view\theme\default\template\common\header.tpl on line 97
2020-07-16 15:47:39 - PHP Warning:  Illegal string offset 'children' in D:\wamp\www\devranch\catalog\view\theme\default\template\common\header.tpl on line 100
2020-07-16 15:47:39 - PHP Warning:  Illegal string offset 'children' in D:\wamp\www\devranch\catalog\view\theme\default\template\common\header.tpl on line 100
2020-07-16 15:47:39 - PHP Warning:  Illegal string offset 'column' in D:\wamp\www\devranch\catalog\view\theme\default\template\common\header.tpl on line 100
2020-07-16 15:47:39 - PHP Warning:  Division by zero in D:\wamp\www\devranch\catalog\view\theme\default\template\common\header.tpl on line 100
2020-07-16 15:47:39 - PHP Warning:  array_chunk() expects parameter 1 to be array, string given in D:\wamp\www\devranch\catalog\view\theme\default\template\common\header.tpl on line 100
2020-07-16 15:47:39 - PHP Warning:  Invalid argument supplied for foreach() in D:\wamp\www\devranch\catalog\view\theme\default\template\common\header.tpl on line 100
2020-07-16 15:47:39 - PHP Warning:  Illegal string offset 'href' in D:\wamp\www\devranch\catalog\view\theme\default\template\common\header.tpl on line 108
2020-07-16 15:47:39 - PHP Warning:  Illegal string offset 'name' in D:\wamp\www\devranch\catalog\view\theme\default\template\common\header.tpl on line 108
2020-07-16 15:47:39 - PHP Notice:  Undefined index: href in D:\wamp\www\devranch\catalog\view\theme\default\template\common\header.tpl on line 97
2020-07-16 15:47:39 - PHP Notice:  Undefined index: name in D:\wamp\www\devranch\catalog\view\theme\default\template\common\header.tpl on line 97
2020-07-16 15:47:39 - PHP Notice:  Undefined index: children in D:\wamp\www\devranch\catalog\view\theme\default\template\common\header.tpl on line 100
2020-07-16 15:47:39 - PHP Notice:  Undefined index: children in D:\wamp\www\devranch\catalog\view\theme\default\template\common\header.tpl on line 100
2020-07-16 15:47:39 - PHP Notice:  Undefined index: column in D:\wamp\www\devranch\catalog\view\theme\default\template\common\header.tpl on line 100
2020-07-16 15:47:39 - PHP Warning:  Division by zero in D:\wamp\www\devranch\catalog\view\theme\default\template\common\header.tpl on line 100
2020-07-16 15:47:39 - PHP Warning:  array_chunk() expects parameter 1 to be array, null given in D:\wamp\www\devranch\catalog\view\theme\default\template\common\header.tpl on line 100
2020-07-16 15:47:39 - PHP Warning:  Invalid argument supplied for foreach() in D:\wamp\www\devranch\catalog\view\theme\default\template\common\header.tpl on line 100
2020-07-16 15:47:39 - PHP Notice:  Undefined index: href in D:\wamp\www\devranch\catalog\view\theme\default\template\common\header.tpl on line 108
2020-07-16 15:47:39 - PHP Notice:  Undefined index: name in D:\wamp\www\devranch\catalog\view\theme\default\template\common\header.tpl on line 108
2020-07-16 15:47:39 - PHP Warning:  Illegal string offset 'href' in D:\wamp\www\devranch\catalog\view\theme\default\template\common\header.tpl on line 97
2020-07-16 15:47:39 - PHP Warning:  Illegal string offset 'name' in D:\wamp\www\devranch\catalog\view\theme\default\template\common\header.tpl on line 97
2020-07-16 15:47:39 - PHP Warning:  Illegal string offset 'children' in D:\wamp\www\devranch\catalog\view\theme\default\template\common\header.tpl on line 100
2020-07-16 15:47:39 - PHP Warning:  Illegal string offset 'children' in D:\wamp\www\devranch\catalog\view\theme\default\template\common\header.tpl on line 100
2020-07-16 15:47:39 - PHP Warning:  Illegal string offset 'column' in D:\wamp\www\devranch\catalog\view\theme\default\template\common\header.tpl on line 100
2020-07-16 15:47:39 - PHP Warning:  array_chunk() expects parameter 1 to be array, string given in D:\wamp\www\devranch\catalog\view\theme\default\template\common\header.tpl on line 100
2020-07-16 15:47:39 - PHP Warning:  Invalid argument supplied for foreach() in D:\wamp\www\devranch\catalog\view\theme\default\template\common\header.tpl on line 100
2020-07-16 15:47:39 - PHP Warning:  Illegal string offset 'href' in D:\wamp\www\devranch\catalog\view\theme\default\template\common\header.tpl on line 108
2020-07-16 15:47:39 - PHP Warning:  Illegal string offset 'name' in D:\wamp\www\devranch\catalog\view\theme\default\template\common\header.tpl on line 108
2020-07-16 15:47:39 - PHP Warning:  Illegal string offset 'href' in D:\wamp\www\devranch\catalog\view\theme\default\template\common\header.tpl on line 97
2020-07-16 15:47:39 - PHP Warning:  Illegal string offset 'name' in D:\wamp\www\devranch\catalog\view\theme\default\template\common\header.tpl on line 97
2020-07-16 15:47:39 - PHP Warning:  Illegal string offset 'children' in D:\wamp\www\devranch\catalog\view\theme\default\template\common\header.tpl on line 100
2020-07-16 15:47:39 - PHP Warning:  Illegal string offset 'children' in D:\wamp\www\devranch\catalog\view\theme\default\template\common\header.tpl on line 100
2020-07-16 15:47:39 - PHP Warning:  Illegal string offset 'column' in D:\wamp\www\devranch\catalog\view\theme\default\template\common\header.tpl on line 100
2020-07-16 15:47:39 - PHP Warning:  Division by zero in D:\wamp\www\devranch\catalog\view\theme\default\template\common\header.tpl on line 100
2020-07-16 15:47:39 - PHP Warning:  array_chunk() expects parameter 1 to be array, string given in D:\wamp\www\devranch\catalog\view\theme\default\template\common\header.tpl on line 100
2020-07-16 15:47:39 - PHP Warning:  Invalid argument supplied for foreach() in D:\wamp\www\devranch\catalog\view\theme\default\template\common\header.tpl on line 100
2020-07-16 15:47:39 - PHP Warning:  Illegal string offset 'href' in D:\wamp\www\devranch\catalog\view\theme\default\template\common\header.tpl on line 108
2020-07-16 15:47:39 - PHP Warning:  Illegal string offset 'name' in D:\wamp\www\devranch\catalog\view\theme\default\template\common\header.tpl on line 108
2020-07-16 15:51:48 - PHP Notice:  Undefined index: children in D:\wamp\www\devranch\catalog\view\theme\default\template\common\header.tpl on line 96
2020-07-16 15:51:48 - PHP Notice:  Undefined index: children in D:\wamp\www\devranch\catalog\view\theme\default\template\common\header.tpl on line 96
2020-07-16 15:51:48 - PHP Notice:  Undefined index: children in D:\wamp\www\devranch\catalog\view\theme\default\template\common\header.tpl on line 96
2020-07-16 15:51:48 - PHP Notice:  Undefined index: children in D:\wamp\www\devranch\catalog\view\theme\default\template\common\header.tpl on line 96
2020-07-16 15:51:48 - PHP Notice:  Undefined index: children in D:\wamp\www\devranch\catalog\view\theme\default\template\common\header.tpl on line 96
2020-07-16 15:51:48 - PHP Notice:  Undefined index: children in D:\wamp\www\devranch\catalog\view\theme\default\template\common\header.tpl on line 96
2020-07-16 15:51:48 - PHP Notice:  Undefined index: children in D:\wamp\www\devranch\catalog\view\theme\default\template\common\header.tpl on line 96
2020-07-16 15:51:48 - PHP Notice:  Undefined index: children in D:\wamp\www\devranch\catalog\view\theme\default\template\common\header.tpl on line 96
2020-07-16 15:51:48 - PHP Notice:  Undefined index: children in D:\wamp\www\devranch\catalog\view\theme\default\template\common\header.tpl on line 96
2020-07-26 13:06:20 - PHP Notice:  Array to string conversion in D:\wamp\www\devranch\catalog\controller\extension\module\category.php on line 33
2020-07-26 13:06:23 - PHP Notice:  Array to string conversion in D:\wamp\www\devranch\catalog\controller\extension\module\category.php on line 33
2020-07-26 13:06:25 - PHP Notice:  Array to string conversion in D:\wamp\www\devranch\catalog\controller\extension\module\category.php on line 33
2020-07-26 13:08:07 - PHP Notice:  Undefined index: path in D:\wamp\www\devranch\catalog\controller\extension\module\category.php on line 14
2020-07-26 13:08:40 - PHP Notice:  Undefined index: path in D:\wamp\www\devranch\catalog\controller\extension\module\category.php on line 14
2020-07-26 13:11:17 - PHP Notice:  Undefined index: route in D:\wamp\www\devranch\catalog\controller\extension\module\category.php on line 14
2020-07-26 13:12:19 - PHP Notice:  Undefined offset: 0 in D:\wamp\www\devranch\catalog\controller\extension\module\category.php on line 14
2020-07-26 13:12:21 - PHP Notice:  Undefined offset: 0 in D:\wamp\www\devranch\catalog\controller\extension\module\category.php on line 14
2020-07-26 13:12:34 - PHP Notice:  Use of undefined constant length - assumed 'length' in D:\wamp\www\devranch\catalog\controller\extension\module\category.php on line 14
2020-07-26 13:12:34 - PHP Notice:  Array to string conversion in D:\wamp\www\devranch\catalog\controller\extension\module\category.php on line 14
2020-07-26 13:13:49 - PHP Notice:  Undefined index: route in D:\wamp\www\devranch\catalog\controller\extension\module\category.php on line 14
2020-07-26 13:14:32 - PHP Notice:  Undefined index: route in D:\wamp\www\devranch\catalog\controller\extension\module\category.php on line 14
2020-07-26 13:14:57 - PHP Notice:  Undefined index: route in D:\wamp\www\devranch\catalog\controller\extension\module\category.php on line 14
2020-07-26 13:15:47 - PHP Notice:  Undefined index: route in D:\wamp\www\devranch\catalog\controller\extension\module\category.php on line 14
2020-07-26 13:15:56 - PHP Notice:  Undefined index: route in D:\wamp\www\devranch\catalog\controller\extension\module\category.php on line 14
2020-07-26 13:16:08 - PHP Notice:  Undefined index: route in D:\wamp\www\devranch\catalog\controller\extension\module\category.php on line 14
2020-07-26 13:16:32 - PHP Notice:  Undefined index: route in D:\wamp\www\devranch\catalog\controller\extension\module\category.php on line 17
2020-07-26 13:16:54 - PHP Notice:  Undefined index: route in D:\wamp\www\devranch\catalog\controller\extension\module\category.php on line 21
2020-07-26 13:16:58 - PHP Notice:  Undefined index: route in D:\wamp\www\devranch\catalog\controller\extension\module\category.php on line 21
2020-07-26 13:17:10 - PHP Notice:  Undefined index: route in D:\wamp\www\devranch\catalog\controller\extension\module\category.php on line 21
2020-07-26 13:17:34 - PHP Notice:  Undefined index: route in D:\wamp\www\devranch\catalog\controller\extension\module\category.php on line 21
2020-07-26 13:17:34 - PHP Notice:  Use of undefined constant isHome - assumed 'isHome' in D:\wamp\www\devranch\catalog\controller\extension\module\category.php on line 23
2020-07-26 13:17:37 - PHP Notice:  Use of undefined constant isHome - assumed 'isHome' in D:\wamp\www\devranch\catalog\controller\extension\module\category.php on line 23
2020-07-26 13:17:45 - PHP Notice:  Undefined index: route in D:\wamp\www\devranch\catalog\controller\extension\module\category.php on line 21
2020-07-26 14:05:53 - PHP Notice:  Use of undefined constant isHome - assumed 'isHome' in D:\wamp\www\devranch\catalog\view\theme\default\template\extension\module\category.tpl on line 1
2020-07-26 14:06:21 - PHP Notice:  Use of undefined constant isHome - assumed 'isHome' in D:\wamp\www\devranch\catalog\view\theme\default\template\extension\module\category.tpl on line 1
2020-07-26 14:10:21 - PHP Notice:  Undefined variable: text_category in D:\wamp\www\devranch\catalog\view\theme\default\template\extension\module\category.tpl on line 22
2020-07-26 14:10:21 - PHP Notice:  Undefined variable: home in D:\wamp\www\devranch\catalog\view\theme\default\template\extension\module\category.tpl on line 31
2020-07-26 14:10:30 - PHP Notice:  Undefined variable: text_category in D:\wamp\www\devranch\catalog\view\theme\default\template\extension\module\category.tpl on line 22
2020-07-26 14:10:30 - PHP Notice:  Undefined variable: home in D:\wamp\www\devranch\catalog\view\theme\default\template\extension\module\category.tpl on line 31
2020-07-26 14:11:57 - PHP Notice:  Undefined variable: text_category in D:\wamp\www\devranch\catalog\view\theme\default\template\extension\module\category.tpl on line 22
2020-07-26 14:11:57 - PHP Notice:  Undefined variable: home in D:\wamp\www\devranch\catalog\view\theme\default\template\extension\module\category.tpl on line 31
2020-08-30 10:46:07 - Array
(
    [error] => SSL certificate problem: unable to get local issuer certificate
    [errno] => 60
)

2020-08-30 10:46:07 - eWAY Payment error: text_card_message_POST Error: SSL certificate problem: unable to get local issuer certificate URL: https://api.ewaypayments.com/AccessCodesShared<br />

2020-08-30 10:49:17 - Array
(
    [error] => SSL certificate problem: unable to get local issuer certificate
    [errno] => 60
)

2020-08-30 10:49:17 - eWAY Payment error: text_card_message_POST Error: SSL certificate problem: unable to get local issuer certificate URL: https://api.ewaypayments.com/AccessCodesShared<br />

2020-08-30 10:50:07 - Array
(
    [error] => SSL certificate problem: unable to get local issuer certificate
    [errno] => 60
)

2020-08-30 10:50:07 - eWAY Payment error: text_card_message_POST Error: SSL certificate problem: unable to get local issuer certificate URL: https://api.sandbox.ewaypayments.com/AccessCodesShared<br />

2020-08-30 10:51:53 - Array
(
    [error] => SSL certificate problem: unable to get local issuer certificate
    [errno] => 60
)

2020-08-30 10:51:53 - eWAY Payment error: text_card_message_POST Error: SSL certificate problem: unable to get local issuer certificate URL: https://api.ewaypayments.com/AccessCodesShared<br />

2020-09-04 16:41:04 - PHP Notice:  Undefined index: USD in D:\wamp\www\devranch\system\library\cart\currency.php on line 25
2020-09-04 16:41:04 - PHP Notice:  Undefined index: USD in D:\wamp\www\devranch\system\library\cart\currency.php on line 26
2020-09-04 16:41:04 - PHP Notice:  Undefined index: USD in D:\wamp\www\devranch\system\library\cart\currency.php on line 27
2020-09-04 16:41:04 - PHP Notice:  Undefined index: USD in D:\wamp\www\devranch\system\library\cart\currency.php on line 25
2020-09-04 16:41:04 - PHP Notice:  Undefined index: USD in D:\wamp\www\devranch\system\library\cart\currency.php on line 26
2020-09-04 16:41:04 - PHP Notice:  Undefined index: USD in D:\wamp\www\devranch\system\library\cart\currency.php on line 27
2020-09-04 16:41:04 - PHP Notice:  Undefined index: USD in D:\wamp\www\devranch\system\library\cart\currency.php on line 25
2020-09-04 16:41:04 - PHP Notice:  Undefined index: USD in D:\wamp\www\devranch\system\library\cart\currency.php on line 26
2020-09-04 16:41:04 - PHP Notice:  Undefined index: USD in D:\wamp\www\devranch\system\library\cart\currency.php on line 27
2020-09-04 16:41:04 - PHP Notice:  Undefined index: USD in D:\wamp\www\devranch\system\library\cart\currency.php on line 25
2020-09-04 16:41:04 - PHP Notice:  Undefined index: USD in D:\wamp\www\devranch\system\library\cart\currency.php on line 26
2020-09-04 16:41:04 - PHP Notice:  Undefined index: USD in D:\wamp\www\devranch\system\library\cart\currency.php on line 27
2020-09-04 16:41:04 - PHP Notice:  Undefined index: USD in D:\wamp\www\devranch\system\library\cart\currency.php on line 25
2020-09-04 16:41:04 - PHP Notice:  Undefined index: USD in D:\wamp\www\devranch\system\library\cart\currency.php on line 26
2020-09-04 16:41:04 - PHP Notice:  Undefined index: USD in D:\wamp\www\devranch\system\library\cart\currency.php on line 27
2020-09-04 16:41:04 - PHP Notice:  Undefined index: USD in D:\wamp\www\devranch\system\library\cart\currency.php on line 25
2020-09-04 16:41:04 - PHP Notice:  Undefined index: USD in D:\wamp\www\devranch\system\library\cart\currency.php on line 26
2020-09-04 16:41:04 - PHP Notice:  Undefined index: USD in D:\wamp\www\devranch\system\library\cart\currency.php on line 27
2020-09-04 16:41:04 - PHP Notice:  Undefined index: USD in D:\wamp\www\devranch\system\library\cart\currency.php on line 25
2020-09-04 16:41:04 - PHP Notice:  Undefined index: USD in D:\wamp\www\devranch\system\library\cart\currency.php on line 26
2020-09-04 16:41:04 - PHP Notice:  Undefined index: USD in D:\wamp\www\devranch\system\library\cart\currency.php on line 27
2020-09-04 16:41:04 - PHP Notice:  Undefined index: USD in D:\wamp\www\devranch\system\library\cart\currency.php on line 25
2020-09-04 16:41:04 - PHP Notice:  Undefined index: USD in D:\wamp\www\devranch\system\library\cart\currency.php on line 26
2020-09-04 16:41:04 - PHP Notice:  Undefined index: USD in D:\wamp\www\devranch\system\library\cart\currency.php on line 27
2020-09-04 16:41:04 - PHP Notice:  Undefined index: USD in D:\wamp\www\devranch\system\library\cart\currency.php on line 25
2020-09-04 16:41:04 - PHP Notice:  Undefined index: USD in D:\wamp\www\devranch\system\library\cart\currency.php on line 26
2020-09-04 16:41:04 - PHP Notice:  Undefined index: USD in D:\wamp\www\devranch\system\library\cart\currency.php on line 27
2020-09-04 16:41:04 - PHP Notice:  Undefined index: USD in D:\wamp\www\devranch\system\library\cart\currency.php on line 25
2020-09-04 16:41:04 - PHP Notice:  Undefined index: USD in D:\wamp\www\devranch\system\library\cart\currency.php on line 26
2020-09-04 16:41:04 - PHP Notice:  Undefined index: USD in D:\wamp\www\devranch\system\library\cart\currency.php on line 27
2020-09-04 16:41:04 - PHP Notice:  Undefined index: USD in D:\wamp\www\devranch\system\library\cart\currency.php on line 25
2020-09-04 16:41:04 - PHP Notice:  Undefined index: USD in D:\wamp\www\devranch\system\library\cart\currency.php on line 26
2020-09-04 16:41:04 - PHP Notice:  Undefined index: USD in D:\wamp\www\devranch\system\library\cart\currency.php on line 27
2020-09-04 16:41:04 - PHP Notice:  Undefined index: USD in D:\wamp\www\devranch\system\library\cart\currency.php on line 25
2020-09-04 16:41:04 - PHP Notice:  Undefined index: USD in D:\wamp\www\devranch\system\library\cart\currency.php on line 26
2020-09-04 16:41:04 - PHP Notice:  Undefined index: USD in D:\wamp\www\devranch\system\library\cart\currency.php on line 27
2020-09-04 16:41:04 - PHP Notice:  Undefined index: USD in D:\wamp\www\devranch\system\library\cart\currency.php on line 25
2020-09-04 16:41:04 - PHP Notice:  Undefined index: USD in D:\wamp\www\devranch\system\library\cart\currency.php on line 26
2020-09-04 16:41:04 - PHP Notice:  Undefined index: USD in D:\wamp\www\devranch\system\library\cart\currency.php on line 27
2020-09-04 16:41:04 - PHP Notice:  Undefined index: USD in D:\wamp\www\devranch\system\library\cart\currency.php on line 25
2020-09-04 16:41:04 - PHP Notice:  Undefined index: USD in D:\wamp\www\devranch\system\library\cart\currency.php on line 26
2020-09-04 16:41:04 - PHP Notice:  Undefined index: USD in D:\wamp\www\devranch\system\library\cart\currency.php on line 27
2020-09-04 16:41:04 - PHP Notice:  Undefined index: USD in D:\wamp\www\devranch\system\library\cart\currency.php on line 25
2020-09-04 16:41:04 - PHP Notice:  Undefined index: USD in D:\wamp\www\devranch\system\library\cart\currency.php on line 26
2020-09-04 16:41:04 - PHP Notice:  Undefined index: USD in D:\wamp\www\devranch\system\library\cart\currency.php on line 27
2020-09-04 16:41:04 - PHP Notice:  Undefined index: USD in D:\wamp\www\devranch\system\library\cart\currency.php on line 25
2020-09-04 16:41:04 - PHP Notice:  Undefined index: USD in D:\wamp\www\devranch\system\library\cart\currency.php on line 26
2020-09-04 16:41:04 - PHP Notice:  Undefined index: USD in D:\wamp\www\devranch\system\library\cart\currency.php on line 27
2020-09-04 16:41:04 - PHP Notice:  Undefined index: USD in D:\wamp\www\devranch\system\library\cart\currency.php on line 25
2020-09-04 16:41:04 - PHP Notice:  Undefined index: USD in D:\wamp\www\devranch\system\library\cart\currency.php on line 26
2020-09-04 16:41:04 - PHP Notice:  Undefined index: USD in D:\wamp\www\devranch\system\library\cart\currency.php on line 27
2020-09-04 16:41:04 - PHP Notice:  Undefined index: USD in D:\wamp\www\devranch\system\library\cart\currency.php on line 25
2020-09-04 16:41:04 - PHP Notice:  Undefined index: USD in D:\wamp\www\devranch\system\library\cart\currency.php on line 26
2020-09-04 16:41:04 - PHP Notice:  Undefined index: USD in D:\wamp\www\devranch\system\library\cart\currency.php on line 27
2020-09-04 16:41:04 - PHP Notice:  Undefined index: USD in D:\wamp\www\devranch\system\library\cart\currency.php on line 25
2020-09-04 16:41:04 - PHP Notice:  Undefined index: USD in D:\wamp\www\devranch\system\library\cart\currency.php on line 26
2020-09-04 16:41:04 - PHP Notice:  Undefined index: USD in D:\wamp\www\devranch\system\library\cart\currency.php on line 27
2020-09-04 16:41:04 - PHP Notice:  Undefined index: USD in D:\wamp\www\devranch\system\library\cart\currency.php on line 25
2020-09-04 16:41:04 - PHP Notice:  Undefined index: USD in D:\wamp\www\devranch\system\library\cart\currency.php on line 26
2020-09-04 16:41:04 - PHP Notice:  Undefined index: USD in D:\wamp\www\devranch\system\library\cart\currency.php on line 27
2020-09-04 16:50:26 - PHP Notice:  Undefined index: USD in D:\wamp\www\devranch\system\library\cart\currency.php on line 25
2020-09-04 16:50:26 - PHP Notice:  Undefined index: USD in D:\wamp\www\devranch\system\library\cart\currency.php on line 26
2020-09-04 16:50:26 - PHP Notice:  Undefined index: USD in D:\wamp\www\devranch\system\library\cart\currency.php on line 27
2020-09-04 16:50:26 - PHP Notice:  Undefined index: USD in D:\wamp\www\devranch\system\library\cart\currency.php on line 25
2020-09-04 16:50:26 - PHP Notice:  Undefined index: USD in D:\wamp\www\devranch\system\library\cart\currency.php on line 26
2020-09-04 16:50:26 - PHP Notice:  Undefined index: USD in D:\wamp\www\devranch\system\library\cart\currency.php on line 27
2020-09-04 16:50:26 - PHP Notice:  Undefined index: USD in D:\wamp\www\devranch\system\library\cart\currency.php on line 25
2020-09-04 16:50:26 - PHP Notice:  Undefined index: USD in D:\wamp\www\devranch\system\library\cart\currency.php on line 26
2020-09-04 16:50:26 - PHP Notice:  Undefined index: USD in D:\wamp\www\devranch\system\library\cart\currency.php on line 27
2020-09-04 16:50:26 - PHP Notice:  Undefined index: USD in D:\wamp\www\devranch\system\library\cart\currency.php on line 25
2020-09-04 16:50:26 - PHP Notice:  Undefined index: USD in D:\wamp\www\devranch\system\library\cart\currency.php on line 26
2020-09-04 16:50:26 - PHP Notice:  Undefined index: USD in D:\wamp\www\devranch\system\library\cart\currency.php on line 27
2020-09-04 16:50:26 - PHP Notice:  Undefined index: USD in D:\wamp\www\devranch\system\library\cart\currency.php on line 25
2020-09-04 16:50:26 - PHP Notice:  Undefined index: USD in D:\wamp\www\devranch\system\library\cart\currency.php on line 26
2020-09-04 16:50:26 - PHP Notice:  Undefined index: USD in D:\wamp\www\devranch\system\library\cart\currency.php on line 27
2020-09-04 16:50:26 - PHP Notice:  Undefined index: USD in D:\wamp\www\devranch\system\library\cart\currency.php on line 25
2020-09-04 16:50:26 - PHP Notice:  Undefined index: USD in D:\wamp\www\devranch\system\library\cart\currency.php on line 26
2020-09-04 16:50:26 - PHP Notice:  Undefined index: USD in D:\wamp\www\devranch\system\library\cart\currency.php on line 27
2020-09-04 16:50:26 - PHP Notice:  Undefined index: USD in D:\wamp\www\devranch\system\library\cart\currency.php on line 25
2020-09-04 16:50:26 - PHP Notice:  Undefined index: USD in D:\wamp\www\devranch\system\library\cart\currency.php on line 26
2020-09-04 16:50:26 - PHP Notice:  Undefined index: USD in D:\wamp\www\devranch\system\library\cart\currency.php on line 27
2020-09-04 16:50:26 - PHP Notice:  Undefined index: USD in D:\wamp\www\devranch\system\library\cart\currency.php on line 25
2020-09-04 16:50:26 - PHP Notice:  Undefined index: USD in D:\wamp\www\devranch\system\library\cart\currency.php on line 26
2020-09-04 16:50:26 - PHP Notice:  Undefined index: USD in D:\wamp\www\devranch\system\library\cart\currency.php on line 27
2020-09-04 16:50:26 - PHP Notice:  Undefined index: USD in D:\wamp\www\devranch\system\library\cart\currency.php on line 25
2020-09-04 16:50:26 - PHP Notice:  Undefined index: USD in D:\wamp\www\devranch\system\library\cart\currency.php on line 26
2020-09-04 16:50:26 - PHP Notice:  Undefined index: USD in D:\wamp\www\devranch\system\library\cart\currency.php on line 27
2020-09-04 16:50:26 - PHP Notice:  Undefined index: USD in D:\wamp\www\devranch\system\library\cart\currency.php on line 25
2020-09-04 16:50:26 - PHP Notice:  Undefined index: USD in D:\wamp\www\devranch\system\library\cart\currency.php on line 26
2020-09-04 16:50:26 - PHP Notice:  Undefined index: USD in D:\wamp\www\devranch\system\library\cart\currency.php on line 27
2020-09-04 16:50:26 - PHP Notice:  Undefined index: USD in D:\wamp\www\devranch\system\library\cart\currency.php on line 25
2020-09-04 16:50:26 - PHP Notice:  Undefined index: USD in D:\wamp\www\devranch\system\library\cart\currency.php on line 26
2020-09-04 16:50:26 - PHP Notice:  Undefined index: USD in D:\wamp\www\devranch\system\library\cart\currency.php on line 27
2020-09-04 16:50:26 - PHP Notice:  Undefined index: USD in D:\wamp\www\devranch\system\library\cart\currency.php on line 25
2020-09-04 16:50:26 - PHP Notice:  Undefined index: USD in D:\wamp\www\devranch\system\library\cart\currency.php on line 26
2020-09-04 16:50:26 - PHP Notice:  Undefined index: USD in D:\wamp\www\devranch\system\library\cart\currency.php on line 27
2020-09-04 16:50:26 - PHP Notice:  Undefined index: USD in D:\wamp\www\devranch\system\library\cart\currency.php on line 25
2020-09-04 16:50:26 - PHP Notice:  Undefined index: USD in D:\wamp\www\devranch\system\library\cart\currency.php on line 26
2020-09-04 16:50:26 - PHP Notice:  Undefined index: USD in D:\wamp\www\devranch\system\library\cart\currency.php on line 27
2020-09-04 16:50:26 - PHP Notice:  Undefined index: USD in D:\wamp\www\devranch\system\library\cart\currency.php on line 25
2020-09-04 16:50:26 - PHP Notice:  Undefined index: USD in D:\wamp\www\devranch\system\library\cart\currency.php on line 26
2020-09-04 16:50:26 - PHP Notice:  Undefined index: USD in D:\wamp\www\devranch\system\library\cart\currency.php on line 27
2020-09-04 16:50:26 - PHP Notice:  Undefined index: USD in D:\wamp\www\devranch\system\library\cart\currency.php on line 25
2020-09-04 16:50:26 - PHP Notice:  Undefined index: USD in D:\wamp\www\devranch\system\library\cart\currency.php on line 26
2020-09-04 16:50:26 - PHP Notice:  Undefined index: USD in D:\wamp\www\devranch\system\library\cart\currency.php on line 27
2020-09-04 16:50:26 - PHP Notice:  Undefined index: USD in D:\wamp\www\devranch\system\library\cart\currency.php on line 25
2020-09-04 16:50:26 - PHP Notice:  Undefined index: USD in D:\wamp\www\devranch\system\library\cart\currency.php on line 26
2020-09-04 16:50:26 - PHP Notice:  Undefined index: USD in D:\wamp\www\devranch\system\library\cart\currency.php on line 27
2020-09-04 16:50:26 - PHP Notice:  Undefined index: USD in D:\wamp\www\devranch\system\library\cart\currency.php on line 25
2020-09-04 16:50:26 - PHP Notice:  Undefined index: USD in D:\wamp\www\devranch\system\library\cart\currency.php on line 26
2020-09-04 16:50:26 - PHP Notice:  Undefined index: USD in D:\wamp\www\devranch\system\library\cart\currency.php on line 27
2020-09-04 16:50:26 - PHP Notice:  Undefined index: USD in D:\wamp\www\devranch\system\library\cart\currency.php on line 25
2020-09-04 16:50:26 - PHP Notice:  Undefined index: USD in D:\wamp\www\devranch\system\library\cart\currency.php on line 26
2020-09-04 16:50:26 - PHP Notice:  Undefined index: USD in D:\wamp\www\devranch\system\library\cart\currency.php on line 27
2020-09-04 16:50:26 - PHP Notice:  Undefined index: USD in D:\wamp\www\devranch\system\library\cart\currency.php on line 25
2020-09-04 16:50:26 - PHP Notice:  Undefined index: USD in D:\wamp\www\devranch\system\library\cart\currency.php on line 26
2020-09-04 16:50:26 - PHP Notice:  Undefined index: USD in D:\wamp\www\devranch\system\library\cart\currency.php on line 27
2020-09-04 16:50:26 - PHP Notice:  Undefined index: USD in D:\wamp\www\devranch\system\library\cart\currency.php on line 25
2020-09-04 16:50:26 - PHP Notice:  Undefined index: USD in D:\wamp\www\devranch\system\library\cart\currency.php on line 26
2020-09-04 16:50:26 - PHP Notice:  Undefined index: USD in D:\wamp\www\devranch\system\library\cart\currency.php on line 27
2020-09-04 16:50:29 - PHP Notice:  Undefined index: USD in D:\wamp\www\devranch\system\library\cart\currency.php on line 25
2020-09-04 16:50:29 - PHP Notice:  Undefined index: USD in D:\wamp\www\devranch\system\library\cart\currency.php on line 26
2020-09-04 16:50:29 - PHP Notice:  Undefined index: USD in D:\wamp\www\devranch\system\library\cart\currency.php on line 27
2020-09-04 16:50:29 - PHP Notice:  Undefined index: USD in D:\wamp\www\devranch\system\library\cart\currency.php on line 25
2020-09-04 16:50:29 - PHP Notice:  Undefined index: USD in D:\wamp\www\devranch\system\library\cart\currency.php on line 26
2020-09-04 16:50:29 - PHP Notice:  Undefined index: USD in D:\wamp\www\devranch\system\library\cart\currency.php on line 27
2020-09-04 16:50:29 - PHP Notice:  Undefined index: USD in D:\wamp\www\devranch\system\library\cart\currency.php on line 25
2020-09-04 16:50:29 - PHP Notice:  Undefined index: USD in D:\wamp\www\devranch\system\library\cart\currency.php on line 26
2020-09-04 16:50:29 - PHP Notice:  Undefined index: USD in D:\wamp\www\devranch\system\library\cart\currency.php on line 27
2020-09-04 16:50:29 - PHP Notice:  Undefined index: USD in D:\wamp\www\devranch\system\library\cart\currency.php on line 25
2020-09-04 16:50:29 - PHP Notice:  Undefined index: USD in D:\wamp\www\devranch\system\library\cart\currency.php on line 26
2020-09-04 16:50:29 - PHP Notice:  Undefined index: USD in D:\wamp\www\devranch\system\library\cart\currency.php on line 27
2020-09-04 16:50:29 - PHP Notice:  Undefined index: USD in D:\wamp\www\devranch\system\library\cart\currency.php on line 25
2020-09-04 16:50:29 - PHP Notice:  Undefined index: USD in D:\wamp\www\devranch\system\library\cart\currency.php on line 26
2020-09-04 16:50:29 - PHP Notice:  Undefined index: USD in D:\wamp\www\devranch\system\library\cart\currency.php on line 27
2020-09-04 16:50:29 - PHP Notice:  Undefined index: USD in D:\wamp\www\devranch\system\library\cart\currency.php on line 25
2020-09-04 16:50:29 - PHP Notice:  Undefined index: USD in D:\wamp\www\devranch\system\library\cart\currency.php on line 26
2020-09-04 16:50:29 - PHP Notice:  Undefined index: USD in D:\wamp\www\devranch\system\library\cart\currency.php on line 27
2020-09-04 16:50:29 - PHP Notice:  Undefined index: USD in D:\wamp\www\devranch\system\library\cart\currency.php on line 25
2020-09-04 16:50:29 - PHP Notice:  Undefined index: USD in D:\wamp\www\devranch\system\library\cart\currency.php on line 26
2020-09-04 16:50:29 - PHP Notice:  Undefined index: USD in D:\wamp\www\devranch\system\library\cart\currency.php on line 27
2020-09-04 16:50:29 - PHP Notice:  Undefined index: USD in D:\wamp\www\devranch\system\library\cart\currency.php on line 25
2020-09-04 16:50:29 - PHP Notice:  Undefined index: USD in D:\wamp\www\devranch\system\library\cart\currency.php on line 26
2020-09-04 16:50:29 - PHP Notice:  Undefined index: USD in D:\wamp\www\devranch\system\library\cart\currency.php on line 27
2020-09-04 16:50:29 - PHP Notice:  Undefined index: USD in D:\wamp\www\devranch\system\library\cart\currency.php on line 25
2020-09-04 16:50:29 - PHP Notice:  Undefined index: USD in D:\wamp\www\devranch\system\library\cart\currency.php on line 26
2020-09-04 16:50:29 - PHP Notice:  Undefined index: USD in D:\wamp\www\devranch\system\library\cart\currency.php on line 27
2020-09-04 16:50:29 - PHP Notice:  Undefined index: USD in D:\wamp\www\devranch\system\library\cart\currency.php on line 25
2020-09-04 16:50:29 - PHP Notice:  Undefined index: USD in D:\wamp\www\devranch\system\library\cart\currency.php on line 26
2020-09-04 16:50:29 - PHP Notice:  Undefined index: USD in D:\wamp\www\devranch\system\library\cart\currency.php on line 27
2020-09-04 16:50:29 - PHP Notice:  Undefined index: USD in D:\wamp\www\devranch\system\library\cart\currency.php on line 25
2020-09-04 16:50:29 - PHP Notice:  Undefined index: USD in D:\wamp\www\devranch\system\library\cart\currency.php on line 26
2020-09-04 16:50:29 - PHP Notice:  Undefined index: USD in D:\wamp\www\devranch\system\library\cart\currency.php on line 27
2020-09-04 16:50:29 - PHP Notice:  Undefined index: USD in D:\wamp\www\devranch\system\library\cart\currency.php on line 25
2020-09-04 16:50:29 - PHP Notice:  Undefined index: USD in D:\wamp\www\devranch\system\library\cart\currency.php on line 26
2020-09-04 16:50:29 - PHP Notice:  Undefined index: USD in D:\wamp\www\devranch\system\library\cart\currency.php on line 27
2020-09-04 16:50:29 - PHP Notice:  Undefined index: USD in D:\wamp\www\devranch\system\library\cart\currency.php on line 25
2020-09-04 16:50:29 - PHP Notice:  Undefined index: USD in D:\wamp\www\devranch\system\library\cart\currency.php on line 26
2020-09-04 16:50:29 - PHP Notice:  Undefined index: USD in D:\wamp\www\devranch\system\library\cart\currency.php on line 27
2020-09-04 16:50:29 - PHP Notice:  Undefined index: USD in D:\wamp\www\devranch\system\library\cart\currency.php on line 25
2020-09-04 16:50:29 - PHP Notice:  Undefined index: USD in D:\wamp\www\devranch\system\library\cart\currency.php on line 26
2020-09-04 16:50:29 - PHP Notice:  Undefined index: USD in D:\wamp\www\devranch\system\library\cart\currency.php on line 27
2020-09-04 16:50:29 - PHP Notice:  Undefined index: USD in D:\wamp\www\devranch\system\library\cart\currency.php on line 25
2020-09-04 16:50:29 - PHP Notice:  Undefined index: USD in D:\wamp\www\devranch\system\library\cart\currency.php on line 26
2020-09-04 16:50:29 - PHP Notice:  Undefined index: USD in D:\wamp\www\devranch\system\library\cart\currency.php on line 27
2020-09-04 16:50:29 - PHP Notice:  Undefined index: USD in D:\wamp\www\devranch\system\library\cart\currency.php on line 25
2020-09-04 16:50:29 - PHP Notice:  Undefined index: USD in D:\wamp\www\devranch\system\library\cart\currency.php on line 26
2020-09-04 16:50:29 - PHP Notice:  Undefined index: USD in D:\wamp\www\devranch\system\library\cart\currency.php on line 27
2020-09-04 16:50:29 - PHP Notice:  Undefined index: USD in D:\wamp\www\devranch\system\library\cart\currency.php on line 25
2020-09-04 16:50:29 - PHP Notice:  Undefined index: USD in D:\wamp\www\devranch\system\library\cart\currency.php on line 26
2020-09-04 16:50:29 - PHP Notice:  Undefined index: USD in D:\wamp\www\devranch\system\library\cart\currency.php on line 27
2020-09-04 16:50:29 - PHP Notice:  Undefined index: USD in D:\wamp\www\devranch\system\library\cart\currency.php on line 25
2020-09-04 16:50:29 - PHP Notice:  Undefined index: USD in D:\wamp\www\devranch\system\library\cart\currency.php on line 26
2020-09-04 16:50:29 - PHP Notice:  Undefined index: USD in D:\wamp\www\devranch\system\library\cart\currency.php on line 27
2020-09-04 16:50:29 - PHP Notice:  Undefined index: USD in D:\wamp\www\devranch\system\library\cart\currency.php on line 25
2020-09-04 16:50:29 - PHP Notice:  Undefined index: USD in D:\wamp\www\devranch\system\library\cart\currency.php on line 26
2020-09-04 16:50:29 - PHP Notice:  Undefined index: USD in D:\wamp\www\devranch\system\library\cart\currency.php on line 27
2020-09-04 16:50:29 - PHP Notice:  Undefined index: USD in D:\wamp\www\devranch\system\library\cart\currency.php on line 25
2020-09-04 16:50:29 - PHP Notice:  Undefined index: USD in D:\wamp\www\devranch\system\library\cart\currency.php on line 26
2020-09-04 16:50:29 - PHP Notice:  Undefined index: USD in D:\wamp\www\devranch\system\library\cart\currency.php on line 27
2020-09-06 3:41:43 - Array
(
    [error] => SSL certificate problem: unable to get local issuer certificate
    [errno] => 60
)

2020-09-06 3:41:43 - eWAY Payment error: text_card_message_POST Error: SSL certificate problem: unable to get local issuer certificate URL: https://api.ewaypayments.com/AccessCodesShared<br />

2020-09-08 16:07:21 - PHP Notice:  Undefined variable: text_telephone in D:\wamp\www\devranch\catalog\view\theme\default\template\common\header.tpl on line 85
2020-09-08 16:07:21 - PHP Notice:  Undefined variable: text_telephone in D:\wamp\www\devranch\catalog\view\theme\default\template\common\header.tpl on line 85
2020-09-08 16:07:23 - PHP Notice:  Undefined variable: text_telephone in D:\wamp\www\devranch\catalog\view\theme\default\template\common\header.tpl on line 85
2020-09-13 10:09:13 - PHP Notice:  Undefined index: id in D:\wamp\www\devranch\catalog\view\theme\default\template\extension\module\category.tpl on line 11
2020-09-13 10:09:13 - PHP Notice:  Undefined index: id in D:\wamp\www\devranch\catalog\view\theme\default\template\extension\module\category.tpl on line 11
2020-09-13 10:09:13 - PHP Notice:  Undefined index: id in D:\wamp\www\devranch\catalog\view\theme\default\template\extension\module\category.tpl on line 11
2020-09-13 10:09:13 - PHP Notice:  Undefined index: id in D:\wamp\www\devranch\catalog\view\theme\default\template\extension\module\category.tpl on line 11
2020-09-13 10:09:13 - PHP Notice:  Undefined index: id in D:\wamp\www\devranch\catalog\view\theme\default\template\extension\module\category.tpl on line 11
2020-09-13 10:09:13 - PHP Notice:  Undefined index: id in D:\wamp\www\devranch\catalog\view\theme\default\template\extension\module\category.tpl on line 11
2020-09-13 10:09:13 - PHP Notice:  Undefined index: id in D:\wamp\www\devranch\catalog\view\theme\default\template\extension\module\category.tpl on line 11
2020-09-13 10:09:13 - PHP Notice:  Undefined index: id in D:\wamp\www\devranch\catalog\view\theme\default\template\extension\module\category.tpl on line 11
2020-09-13 10:09:13 - PHP Notice:  Undefined index: id in D:\wamp\www\devranch\catalog\view\theme\default\template\extension\module\category.tpl on line 11
2020-09-13 10:09:13 - PHP Notice:  Undefined index: id in D:\wamp\www\devranch\catalog\view\theme\default\template\extension\module\category.tpl on line 11
2020-09-13 10:09:13 - PHP Notice:  Undefined index: id in D:\wamp\www\devranch\catalog\view\theme\default\template\extension\module\category.tpl on line 11
2020-09-13 10:09:13 - PHP Notice:  Undefined index: id in D:\wamp\www\devranch\catalog\view\theme\default\template\extension\module\category.tpl on line 11
2020-09-13 10:09:13 - PHP Notice:  Undefined index: id in D:\wamp\www\devranch\catalog\view\theme\default\template\extension\module\category.tpl on line 11
2020-09-13 10:09:13 - PHP Notice:  Undefined index: id in D:\wamp\www\devranch\catalog\view\theme\default\template\extension\module\category.tpl on line 11
2020-09-13 10:09:13 - PHP Notice:  Undefined index: id in D:\wamp\www\devranch\catalog\view\theme\default\template\extension\module\category.tpl on line 11
2020-09-13 10:09:13 - PHP Notice:  Undefined index: id in D:\wamp\www\devranch\catalog\view\theme\default\template\extension\module\category.tpl on line 11
2020-09-13 10:09:13 - PHP Notice:  Undefined index: id in D:\wamp\www\devranch\catalog\view\theme\default\template\extension\module\category.tpl on line 11
2020-09-13 10:09:13 - PHP Notice:  Undefined index: id in D:\wamp\www\devranch\catalog\view\theme\default\template\extension\module\category.tpl on line 11
2020-09-13 10:09:13 - PHP Notice:  Undefined index: id in D:\wamp\www\devranch\catalog\view\theme\default\template\extension\module\category.tpl on line 11
2020-09-13 10:09:13 - PHP Notice:  Undefined index: id in D:\wamp\www\devranch\catalog\view\theme\default\template\extension\module\category.tpl on line 11
2020-09-13 10:09:13 - PHP Notice:  Undefined index: id in D:\wamp\www\devranch\catalog\view\theme\default\template\extension\module\category.tpl on line 11
2020-09-13 10:09:22 - PHP Notice:  Undefined index: product_id in D:\wamp\www\devranch\catalog\view\theme\default\template\extension\module\category.tpl on line 11
2020-09-13 10:09:22 - PHP Notice:  Undefined index: product_id in D:\wamp\www\devranch\catalog\view\theme\default\template\extension\module\category.tpl on line 11
2020-09-13 10:09:22 - PHP Notice:  Undefined index: product_id in D:\wamp\www\devranch\catalog\view\theme\default\template\extension\module\category.tpl on line 11
2020-09-13 10:09:22 - PHP Notice:  Undefined index: product_id in D:\wamp\www\devranch\catalog\view\theme\default\template\extension\module\category.tpl on line 11
2020-09-13 10:09:22 - PHP Notice:  Undefined index: product_id in D:\wamp\www\devranch\catalog\view\theme\default\template\extension\module\category.tpl on line 11
2020-09-13 10:09:22 - PHP Notice:  Undefined index: product_id in D:\wamp\www\devranch\catalog\view\theme\default\template\extension\module\category.tpl on line 11
2020-09-13 10:09:22 - PHP Notice:  Undefined index: product_id in D:\wamp\www\devranch\catalog\view\theme\default\template\extension\module\category.tpl on line 11
2020-09-13 10:09:22 - PHP Notice:  Undefined index: product_id in D:\wamp\www\devranch\catalog\view\theme\default\template\extension\module\category.tpl on line 11
2020-09-13 10:09:22 - PHP Notice:  Undefined index: product_id in D:\wamp\www\devranch\catalog\view\theme\default\template\extension\module\category.tpl on line 11
2020-09-13 10:09:22 - PHP Notice:  Undefined index: product_id in D:\wamp\www\devranch\catalog\view\theme\default\template\extension\module\category.tpl on line 11
2020-09-13 10:09:22 - PHP Notice:  Undefined index: product_id in D:\wamp\www\devranch\catalog\view\theme\default\template\extension\module\category.tpl on line 11
2020-09-13 10:09:22 - PHP Notice:  Undefined index: product_id in D:\wamp\www\devranch\catalog\view\theme\default\template\extension\module\category.tpl on line 11
2020-09-13 10:09:22 - PHP Notice:  Undefined index: product_id in D:\wamp\www\devranch\catalog\view\theme\default\template\extension\module\category.tpl on line 11
2020-09-13 10:09:22 - PHP Notice:  Undefined index: product_id in D:\wamp\www\devranch\catalog\view\theme\default\template\extension\module\category.tpl on line 11
2020-09-13 10:09:22 - PHP Notice:  Undefined index: product_id in D:\wamp\www\devranch\catalog\view\theme\default\template\extension\module\category.tpl on line 11
2020-09-13 10:09:22 - PHP Notice:  Undefined index: product_id in D:\wamp\www\devranch\catalog\view\theme\default\template\extension\module\category.tpl on line 11
2020-09-13 10:09:22 - PHP Notice:  Undefined index: product_id in D:\wamp\www\devranch\catalog\view\theme\default\template\extension\module\category.tpl on line 11
2020-09-13 10:09:22 - PHP Notice:  Undefined index: product_id in D:\wamp\www\devranch\catalog\view\theme\default\template\extension\module\category.tpl on line 11
2020-09-13 10:09:22 - PHP Notice:  Undefined index: product_id in D:\wamp\www\devranch\catalog\view\theme\default\template\extension\module\category.tpl on line 11
2020-09-13 10:09:22 - PHP Notice:  Undefined index: product_id in D:\wamp\www\devranch\catalog\view\theme\default\template\extension\module\category.tpl on line 11
2020-09-13 10:09:22 - PHP Notice:  Undefined index: product_id in D:\wamp\www\devranch\catalog\view\theme\default\template\extension\module\category.tpl on line 11
